<?xml version="1.0" encoding="UTF-8"?>
<coverage generated="1664545132975" clover="3.2.0">
  <project timestamp="1664545132975" name="All files">
    <metrics statements="388" coveredstatements="352" conditionals="152" coveredconditionals="120" methods="162" coveredmethods="136" elements="702" coveredelements="608" complexity="0" loc="388" ncloc="388" packages="6" files="24" classes="24"/>
    <package name="src">
      <metrics statements="1" coveredstatements="1" conditionals="0" coveredconditionals="0" methods="1" coveredmethods="1"/>
      <file name="App.js" path="/home/caique/Documentos/projects/sd-023-a-project-recipes-app/src/App.js">
        <metrics statements="1" coveredstatements="1" conditionals="0" coveredconditionals="0" methods="1" coveredmethods="1"/>
        <line num="15" count="38" type="stmt"/>
      </file>
    </package>
    <package name="src.components">
      <metrics statements="152" coveredstatements="126" conditionals="64" coveredconditionals="41" methods="76" coveredmethods="59"/>
      <file name="Categories.jsx" path="/home/caique/Documentos/projects/sd-023-a-project-recipes-app/src/components/Categories.jsx">
        <metrics statements="25" coveredstatements="19" conditionals="10" coveredconditionals="4" methods="13" coveredmethods="8"/>
        <line num="8" count="7" type="stmt"/>
        <line num="9" count="7" type="stmt"/>
        <line num="10" count="7" type="stmt"/>
        <line num="11" count="7" type="stmt"/>
        <line num="16" count="7" type="stmt"/>
        <line num="19" count="7" type="stmt"/>
        <line num="20" count="7" type="stmt"/>
        <line num="21" count="95" type="cond" truecount="1" falsecount="1"/>
        <line num="25" count="7" type="stmt"/>
        <line num="26" count="7" type="stmt"/>
        <line num="27" count="7" type="stmt"/>
        <line num="31" count="7" type="stmt"/>
        <line num="32" count="0" type="stmt"/>
        <line num="33" count="0" type="stmt"/>
        <line num="37" count="7" type="stmt"/>
        <line num="38" count="7" type="cond" truecount="1" falsecount="1"/>
        <line num="39" count="7" type="cond" truecount="1" falsecount="1"/>
        <line num="42" count="7" type="stmt"/>
        <line num="43" count="7" type="stmt"/>
        <line num="46" count="7" type="stmt"/>
        <line num="51" count="0" type="stmt"/>
        <line num="54" count="0" type="stmt"/>
        <line num="55" count="0" type="cond" truecount="0" falsecount="2"/>
        <line num="56" count="0" type="stmt"/>
        <line num="66" count="1" type="stmt"/>
      </file>
      <file name="DetailsPageButtons.jsx" path="/home/caique/Documentos/projects/sd-023-a-project-recipes-app/src/components/DetailsPageButtons.jsx">
        <metrics statements="19" coveredstatements="15" conditionals="4" coveredconditionals="2" methods="6" coveredmethods="4"/>
        <line num="14" count="21" type="stmt"/>
        <line num="18" count="21" type="stmt"/>
        <line num="19" count="21" type="stmt"/>
        <line num="21" count="21" type="stmt"/>
        <line num="24" count="21" type="stmt"/>
        <line num="25" count="0" type="stmt"/>
        <line num="26" count="0" type="stmt"/>
        <line num="27" count="0" type="stmt"/>
        <line num="28" count="0" type="stmt"/>
        <line num="32" count="21" type="stmt"/>
        <line num="33" count="13" type="stmt"/>
        <line num="34" count="13" type="stmt"/>
        <line num="35" count="13" type="stmt"/>
        <line num="36" count="13" type="stmt"/>
        <line num="37" count="13" type="cond" truecount="1" falsecount="1"/>
        <line num="38" count="13" type="stmt"/>
        <line num="39" count="13" type="stmt"/>
        <line num="42" count="21" type="stmt"/>
        <line num="56" count="3" type="stmt"/>
      </file>
      <file name="FilterButtons.jsx" path="/home/caique/Documentos/projects/sd-023-a-project-recipes-app/src/components/FilterButtons.jsx">
        <metrics statements="5" coveredstatements="5" conditionals="0" coveredconditionals="0" methods="4" coveredmethods="4"/>
        <line num="5" count="12" type="stmt"/>
        <line num="7" count="12" type="stmt"/>
        <line num="12" count="2" type="stmt"/>
        <line num="20" count="2" type="stmt"/>
        <line num="28" count="3" type="stmt"/>
      </file>
      <file name="Footer.jsx" path="/home/caique/Documentos/projects/sd-023-a-project-recipes-app/src/components/Footer.jsx">
        <metrics statements="6" coveredstatements="6" conditionals="0" coveredconditionals="0" methods="4" coveredmethods="4"/>
        <line num="7" count="36" type="stmt"/>
        <line num="9" count="36" type="stmt"/>
        <line num="10" count="2" type="stmt"/>
        <line num="13" count="36" type="stmt"/>
        <line num="19" count="1" type="stmt"/>
        <line num="27" count="1" type="stmt"/>
      </file>
      <file name="Header.jsx" path="/home/caique/Documentos/projects/sd-023-a-project-recipes-app/src/components/Header.jsx">
        <metrics statements="7" coveredstatements="7" conditionals="4" coveredconditionals="4" methods="4" coveredmethods="4"/>
        <line num="9" count="59" type="stmt"/>
        <line num="10" count="59" type="stmt"/>
        <line num="11" count="59" type="stmt"/>
        <line num="12" count="59" type="stmt"/>
        <line num="14" count="59" type="stmt"/>
        <line num="23" count="1" type="stmt"/>
        <line num="32" count="11" type="stmt"/>
      </file>
      <file name="RecipeDetailsCard.jsx" path="/home/caique/Documentos/projects/sd-023-a-project-recipes-app/src/components/RecipeDetailsCard.jsx">
        <metrics statements="6" coveredstatements="6" conditionals="6" coveredconditionals="3" methods="3" coveredmethods="3"/>
        <line num="6" count="1" type="stmt"/>
        <line num="16" count="1" type="stmt"/>
        <line num="19" count="1" type="stmt"/>
        <line num="21" count="3" type="stmt"/>
        <line num="29" count="1" type="stmt"/>
        <line num="55" count="10" type="stmt"/>
      </file>
      <file name="RecipeInProgressCard.jsx" path="/home/caique/Documentos/projects/sd-023-a-project-recipes-app/src/components/RecipeInProgressCard.jsx">
        <metrics statements="27" coveredstatements="27" conditionals="16" coveredconditionals="12" methods="14" coveredmethods="14"/>
        <line num="13" count="19" type="stmt"/>
        <line num="14" count="19" type="stmt"/>
        <line num="15" count="19" type="stmt"/>
        <line num="26" count="19" type="stmt"/>
        <line num="29" count="19" type="cond" truecount="1" falsecount="1"/>
        <line num="32" count="19" type="cond" truecount="2" falsecount="0"/>
        <line num="35" count="152" type="stmt"/>
        <line num="39" count="19" type="stmt"/>
        <line num="42" count="19" type="stmt"/>
        <line num="43" count="16" type="stmt"/>
        <line num="44" count="128" type="cond" truecount="2" falsecount="0"/>
        <line num="45" count="112" type="stmt"/>
        <line num="50" count="19" type="stmt"/>
        <line num="51" count="152" type="stmt"/>
        <line num="53" count="40" type="cond" truecount="2" falsecount="0"/>
        <line num="54" count="16" type="stmt"/>
        <line num="59" count="19" type="stmt"/>
        <line num="61" count="152" type="stmt"/>
        <line num="70" count="16" type="stmt"/>
        <line num="80" count="19" type="cond" truecount="1" falsecount="1"/>
        <line num="83" count="19" type="stmt"/>
        <line num="96" count="19" type="stmt"/>
        <line num="97" count="1" type="stmt"/>
        <line num="98" count="1" type="stmt"/>
        <line num="101" count="19" type="stmt"/>
        <line num="119" count="89" type="stmt"/>
        <line num="127" count="10" type="stmt"/>
      </file>
      <file name="RecipesCard.jsx" path="/home/caique/Documentos/projects/sd-023-a-project-recipes-app/src/components/RecipesCard.jsx">
        <metrics statements="9" coveredstatements="6" conditionals="6" coveredconditionals="4" methods="4" coveredmethods="2"/>
        <line num="6" count="7" type="stmt"/>
        <line num="7" count="7" type="stmt"/>
        <line num="10" count="7" type="stmt"/>
        <line num="11" count="0" type="cond" truecount="0" falsecount="2"/>
        <line num="12" count="0" type="stmt"/>
        <line num="15" count="7" type="stmt"/>
        <line num="19" count="84" type="stmt"/>
        <line num="22" count="0" type="stmt"/>
        <line num="42" count="10" type="stmt"/>
      </file>
      <file name="RecipesInfo.jsx" path="/home/caique/Documentos/projects/sd-023-a-project-recipes-app/src/components/RecipesInfo.jsx">
        <metrics statements="28" coveredstatements="15" conditionals="14" coveredconditionals="8" methods="15" coveredmethods="7"/>
        <line num="15" count="12" type="stmt"/>
        <line num="16" count="12" type="stmt"/>
        <line num="17" count="12" type="stmt"/>
        <line num="18" count="12" type="stmt"/>
        <line num="21" count="12" type="stmt"/>
        <line num="24" count="12" type="stmt"/>
        <line num="27" count="12" type="stmt"/>
        <line num="28" count="2" type="stmt"/>
        <line num="37" count="12" type="stmt"/>
        <line num="38" count="0" type="cond" truecount="0" falsecount="2"/>
        <line num="39" count="0" type="stmt"/>
        <line num="40" count="0" type="stmt"/>
        <line num="41" count="0" type="stmt"/>
        <line num="42" count="0" type="stmt"/>
        <line num="46" count="12" type="stmt"/>
        <line num="47" count="0" type="cond" truecount="0" falsecount="2"/>
        <line num="48" count="0" type="stmt"/>
        <line num="52" count="12" type="stmt"/>
        <line num="53" count="0" type="stmt"/>
        <line num="54" count="0" type="stmt"/>
        <line num="58" count="12" type="stmt"/>
        <line num="73" count="6" type="stmt"/>
        <line num="79" count="0" type="stmt"/>
        <line num="89" count="0" type="stmt"/>
        <line num="105" count="0" type="stmt"/>
        <line num="114" count="0" type="stmt"/>
        <line num="123" count="12" type="stmt"/>
        <line num="131" count="10" type="stmt"/>
      </file>
      <file name="SearchBar.jsx" path="/home/caique/Documentos/projects/sd-023-a-project-recipes-app/src/components/SearchBar.jsx">
        <metrics statements="14" coveredstatements="14" conditionals="4" coveredconditionals="4" methods="6" coveredmethods="6"/>
        <line num="7" count="47" type="stmt"/>
        <line num="8" count="47" type="stmt"/>
        <line num="9" count="47" type="stmt"/>
        <line num="10" count="47" type="stmt"/>
        <line num="11" count="47" type="stmt"/>
        <line num="13" count="47" type="stmt"/>
        <line num="14" count="7" type="cond" truecount="4" falsecount="0"/>
        <line num="15" count="1" type="stmt"/>
        <line num="18" count="6" type="stmt"/>
        <line num="22" count="47" type="stmt"/>
        <line num="26" count="21" type="stmt"/>
        <line num="38" count="2" type="stmt"/>
        <line num="49" count="1" type="stmt"/>
        <line num="60" count="2" type="stmt"/>
      </file>
      <file name="SugestionsCard.jsx" path="/home/caique/Documentos/projects/sd-023-a-project-recipes-app/src/components/SugestionsCard.jsx">
        <metrics statements="6" coveredstatements="6" conditionals="0" coveredconditionals="0" methods="3" coveredmethods="3"/>
        <line num="7" count="9" type="stmt"/>
        <line num="10" count="9" type="stmt"/>
        <line num="11" count="6" type="stmt"/>
        <line num="13" count="9" type="stmt"/>
        <line num="18" count="6" type="stmt"/>
        <line num="38" count="10" type="stmt"/>
      </file>
    </package>
    <package name="src.context">
      <metrics statements="20" coveredstatements="20" conditionals="4" coveredconditionals="2" methods="5" coveredmethods="5"/>
      <file name="RecipesContext.js" path="/home/caique/Documentos/projects/sd-023-a-project-recipes-app/src/context/RecipesContext.js">
        <metrics statements="1" coveredstatements="1" conditionals="0" coveredconditionals="0" methods="0" coveredmethods="0"/>
        <line num="3" count="10" type="stmt"/>
      </file>
      <file name="RecipesProvider.jsx" path="/home/caique/Documentos/projects/sd-023-a-project-recipes-app/src/context/RecipesProvider.jsx">
        <metrics statements="19" coveredstatements="19" conditionals="4" coveredconditionals="2" methods="5" coveredmethods="5"/>
        <line num="13" count="60" type="stmt"/>
        <line num="14" count="60" type="stmt"/>
        <line num="15" count="60" type="stmt"/>
        <line num="19" count="60" type="stmt"/>
        <line num="20" count="60" type="stmt"/>
        <line num="23" count="60" type="stmt"/>
        <line num="24" count="40" type="stmt"/>
        <line num="25" count="952" type="cond" truecount="1" falsecount="1"/>
        <line num="29" count="60" type="stmt"/>
        <line num="31" count="3" type="stmt"/>
        <line num="32" count="3" type="cond" truecount="1" falsecount="1"/>
        <line num="33" count="3" type="stmt"/>
        <line num="45" count="60" type="stmt"/>
        <line num="46" count="3" type="stmt"/>
        <line num="47" count="3" type="stmt"/>
        <line num="48" count="3" type="stmt"/>
        <line num="51" count="60" type="stmt"/>
        <line num="66" count="60" type="stmt"/>
        <line num="73" count="10" type="stmt"/>
      </file>
    </package>
    <package name="src.helpers">
      <metrics statements="44" coveredstatements="44" conditionals="28" coveredconditionals="26" methods="13" coveredmethods="13"/>
      <file name="index.js" path="/home/caique/Documentos/projects/sd-023-a-project-recipes-app/src/helpers/index.js">
        <metrics statements="44" coveredstatements="44" conditionals="28" coveredconditionals="26" methods="13" coveredmethods="13"/>
        <line num="2" count="10" type="stmt"/>
        <line num="3" count="59" type="cond" truecount="5" falsecount="0"/>
        <line num="4" count="35" type="stmt"/>
        <line num="5" count="5" type="stmt"/>
        <line num="6" count="7" type="stmt"/>
        <line num="7" count="5" type="stmt"/>
        <line num="8" count="7" type="stmt"/>
        <line num="12" count="10" type="stmt"/>
        <line num="13" count="10" type="stmt"/>
        <line num="14" count="10" type="stmt"/>
        <line num="17" count="10" type="stmt"/>
        <line num="18" count="10" type="stmt"/>
        <line num="21" count="10" type="stmt"/>
        <line num="22" count="6" type="cond" truecount="3" falsecount="0"/>
        <line num="23" count="2" type="stmt"/>
        <line num="24" count="1" type="stmt"/>
        <line num="25" count="3" type="stmt"/>
        <line num="30" count="10" type="stmt"/>
        <line num="31" count="6" type="cond" truecount="2" falsecount="0"/>
        <line num="32" count="5" type="stmt"/>
        <line num="34" count="1" type="stmt"/>
        <line num="38" count="10" type="stmt"/>
        <line num="40" count="468" type="stmt"/>
        <line num="43" count="49" type="stmt"/>
        <line num="46" count="10" type="stmt"/>
        <line num="47" count="189" type="stmt"/>
        <line num="49" count="10" type="stmt"/>
        <line num="50" count="189" type="stmt"/>
        <line num="52" count="10" type="cond" truecount="2" falsecount="0"/>
        <line num="53" count="10" type="cond" truecount="2" falsecount="0"/>
        <line num="54" count="10" type="cond" truecount="2" falsecount="0"/>
        <line num="55" count="10" type="cond" truecount="2" falsecount="0"/>
        <line num="56" count="10" type="stmt"/>
        <line num="57" count="10" type="stmt"/>
        <line num="58" count="10" type="cond" truecount="2" falsecount="0"/>
        <line num="59" count="10" type="cond" truecount="2" falsecount="0"/>
        <line num="60" count="10" type="cond" truecount="2" falsecount="0"/>
        <line num="63" count="10" type="stmt"/>
        <line num="78" count="100" type="stmt"/>
        <line num="81" count="10" type="stmt"/>
        <line num="82" count="6" type="stmt"/>
        <line num="83" count="6" type="cond" truecount="1" falsecount="1"/>
        <line num="84" count="6" type="cond" truecount="1" falsecount="1"/>
        <line num="85" count="6" type="stmt"/>
      </file>
    </package>
    <package name="src.pages">
      <metrics statements="93" coveredstatements="92" conditionals="32" coveredconditionals="30" methods="34" coveredmethods="32"/>
      <file name="DoneRecipes.jsx" path="/home/caique/Documentos/projects/sd-023-a-project-recipes-app/src/pages/DoneRecipes.jsx">
        <metrics statements="5" coveredstatements="5" conditionals="2" coveredconditionals="2" methods="2" coveredmethods="2"/>
        <line num="10" count="5" type="stmt"/>
        <line num="11" count="5" type="stmt"/>
        <line num="14" count="5" type="stmt"/>
        <line num="15" count="4" type="cond" truecount="2" falsecount="0"/>
        <line num="17" count="5" type="stmt"/>
      </file>
      <file name="FavoriteRecipes.jsx" path="/home/caique/Documentos/projects/sd-023-a-project-recipes-app/src/pages/FavoriteRecipes.jsx">
        <metrics statements="5" coveredstatements="5" conditionals="2" coveredconditionals="2" methods="2" coveredmethods="2"/>
        <line num="9" count="7" type="stmt"/>
        <line num="10" count="7" type="stmt"/>
        <line num="13" count="7" type="stmt"/>
        <line num="14" count="5" type="cond" truecount="2" falsecount="0"/>
        <line num="16" count="7" type="stmt"/>
      </file>
      <file name="Login.jsx" path="/home/caique/Documentos/projects/sd-023-a-project-recipes-app/src/pages/Login.jsx">
        <metrics statements="17" coveredstatements="17" conditionals="2" coveredconditionals="2" methods="7" coveredmethods="7"/>
        <line num="7" count="71" type="stmt"/>
        <line num="12" count="71" type="stmt"/>
        <line num="13" count="68" type="stmt"/>
        <line num="16" count="71" type="stmt"/>
        <line num="17" count="71" type="stmt"/>
        <line num="19" count="71" type="stmt"/>
        <line num="20" count="71" type="stmt"/>
        <line num="21" count="71" type="cond" truecount="2" falsecount="0"/>
        <line num="24" count="71" type="stmt"/>
        <line num="25" count="1" type="stmt"/>
        <line num="26" count="1" type="stmt"/>
        <line num="27" count="1" type="stmt"/>
        <line num="30" count="71" type="stmt"/>
        <line num="41" count="48" type="stmt"/>
        <line num="52" count="20" type="stmt"/>
        <line num="58" count="1" type="stmt"/>
        <line num="68" count="10" type="stmt"/>
      </file>
      <file name="Profile.jsx" path="/home/caique/Documentos/projects/sd-023-a-project-recipes-app/src/pages/Profile.jsx">
        <metrics statements="10" coveredstatements="10" conditionals="2" coveredconditionals="2" methods="5" coveredmethods="5"/>
        <line num="7" count="7" type="stmt"/>
        <line num="8" count="7" type="cond" truecount="2" falsecount="0"/>
        <line num="10" count="7" type="stmt"/>
        <line num="11" count="3" type="stmt"/>
        <line num="14" count="7" type="stmt"/>
        <line num="15" count="1" type="stmt"/>
        <line num="16" count="1" type="stmt"/>
        <line num="18" count="7" type="stmt"/>
        <line num="27" count="1" type="stmt"/>
        <line num="35" count="1" type="stmt"/>
      </file>
      <file name="RecipeDetails.jsx" path="/home/caique/Documentos/projects/sd-023-a-project-recipes-app/src/pages/RecipeDetails.jsx">
        <metrics statements="26" coveredstatements="26" conditionals="10" coveredconditionals="10" methods="8" coveredmethods="7"/>
        <line num="16" count="11" type="stmt"/>
        <line num="17" count="10" type="stmt"/>
        <line num="18" count="10" type="stmt"/>
        <line num="19" count="10" type="stmt"/>
        <line num="20" count="10" type="stmt"/>
        <line num="21" count="10" type="stmt"/>
        <line num="22" count="10" type="stmt"/>
        <line num="25" count="10" type="stmt"/>
        <line num="26" count="5" type="stmt"/>
        <line num="27" count="5" type="stmt"/>
        <line num="31" count="10" type="stmt"/>
        <line num="32" count="5" type="stmt"/>
        <line num="33" count="5" type="cond" truecount="2" falsecount="0"/>
        <line num="34" count="5" type="stmt"/>
        <line num="38" count="10" type="stmt"/>
        <line num="39" count="5" type="stmt"/>
        <line num="40" count="5" type="stmt"/>
        <line num="44" count="10" type="stmt"/>
        <line num="45" count="5" type="stmt"/>
        <line num="48" count="10" type="stmt"/>
        <line num="49" count="5" type="stmt"/>
        <line num="50" count="5" type="stmt"/>
        <line num="51" count="5" type="stmt"/>
        <line num="52" count="5" type="stmt"/>
        <line num="55" count="10" type="stmt"/>
        <line num="72" count="1" type="stmt"/>
      </file>
      <file name="RecipeInProgress.jsx" path="/home/caique/Documentos/projects/sd-023-a-project-recipes-app/src/pages/RecipeInProgress.jsx">
        <metrics statements="9" coveredstatements="9" conditionals="2" coveredconditionals="2" methods="3" coveredmethods="3"/>
        <line num="10" count="9" type="stmt"/>
        <line num="11" count="9" type="stmt"/>
        <line num="12" count="9" type="stmt"/>
        <line num="15" count="9" type="stmt"/>
        <line num="16" count="5" type="stmt"/>
        <line num="17" count="5" type="stmt"/>
        <line num="20" count="9" type="stmt"/>
        <line num="21" count="5" type="stmt"/>
        <line num="24" count="9" type="stmt"/>
      </file>
      <file name="Recipes.jsx" path="/home/caique/Documentos/projects/sd-023-a-project-recipes-app/src/pages/Recipes.jsx">
        <metrics statements="21" coveredstatements="20" conditionals="12" coveredconditionals="10" methods="7" coveredmethods="6"/>
        <line num="16" count="29" type="stmt"/>
        <line num="17" count="29" type="stmt"/>
        <line num="18" count="29" type="stmt"/>
        <line num="20" count="29" type="stmt"/>
        <line num="23" count="29" type="stmt"/>
        <line num="24" count="6" type="stmt"/>
        <line num="25" count="6" type="cond" truecount="2" falsecount="0"/>
        <line num="26" count="6" type="cond" truecount="2" falsecount="0"/>
        <line num="27" count="5" type="stmt"/>
        <line num="28" count="1" type="cond" truecount="1" falsecount="1"/>
        <line num="29" count="1" type="cond" truecount="1" falsecount="1"/>
        <line num="31" count="1" type="stmt"/>
        <line num="33" count="0" type="stmt"/>
        <line num="38" count="29" type="stmt"/>
        <line num="39" count="22" type="cond" truecount="2" falsecount="0"/>
        <line num="43" count="29" type="stmt"/>
        <line num="44" count="16" type="stmt"/>
        <line num="46" count="16" type="stmt"/>
        <line num="50" count="29" type="stmt"/>
        <line num="51" count="16" type="stmt"/>
        <line num="54" count="29" type="stmt"/>
      </file>
    </package>
    <package name="src.services">
      <metrics statements="78" coveredstatements="69" conditionals="24" coveredconditionals="21" methods="33" coveredmethods="26"/>
      <file name="localStorage.js" path="/home/caique/Documentos/projects/sd-023-a-project-recipes-app/src/services/localStorage.js">
        <metrics statements="35" coveredstatements="35" conditionals="10" coveredconditionals="9" methods="12" coveredmethods="12"/>
        <line num="2" count="10" type="stmt"/>
        <line num="3" count="10" type="stmt"/>
        <line num="4" count="10" type="stmt"/>
        <line num="5" count="10" type="stmt"/>
        <line num="6" count="10" type="stmt"/>
        <line num="7" count="10" type="stmt"/>
        <line num="10" count="101" type="cond" truecount="2" falsecount="0"/>
        <line num="13" count="10" type="stmt"/>
        <line num="14" count="23" type="cond" truecount="1" falsecount="1"/>
        <line num="16" count="23" type="stmt"/>
        <line num="21" count="10" type="stmt"/>
        <line num="22" count="1" type="stmt"/>
        <line num="23" count="1" type="stmt"/>
        <line num="24" count="1" type="stmt"/>
        <line num="28" count="10" type="stmt"/>
        <line num="29" count="2" type="stmt"/>
        <line num="30" count="2" type="stmt"/>
        <line num="34" count="10" type="stmt"/>
        <line num="35" count="1" type="stmt"/>
        <line num="36" count="1" type="stmt"/>
        <line num="40" count="10" type="stmt"/>
        <line num="41" count="3" type="stmt"/>
        <line num="42" count="3" type="cond" truecount="2" falsecount="0"/>
        <line num="43" count="1" type="stmt"/>
        <line num="47" count="10" type="stmt"/>
        <line num="48" count="3" type="cond" truecount="2" falsecount="0"/>
        <line num="49" count="2" type="stmt"/>
        <line num="53" count="40" type="cond" truecount="2" falsecount="0"/>
        <line num="59" count="10" type="stmt"/>
        <line num="60" count="16" type="stmt"/>
        <line num="61" count="16" type="stmt"/>
        <line num="67" count="16" type="stmt"/>
        <line num="71" count="10" type="stmt"/>
        <line num="72" count="1" type="stmt"/>
        <line num="73" count="1" type="stmt"/>
      </file>
      <file name="requestAPI.js" path="/home/caique/Documentos/projects/sd-023-a-project-recipes-app/src/services/requestAPI.js">
        <metrics statements="43" coveredstatements="34" conditionals="14" coveredconditionals="12" methods="21" coveredmethods="14"/>
        <line num="4" count="10" type="stmt"/>
        <line num="5" count="6" type="stmt"/>
        <line num="6" count="6" type="stmt"/>
        <line num="7" count="6" type="stmt"/>
        <line num="9" count="1" type="stmt"/>
        <line num="11" count="5" type="stmt"/>
        <line num="16" count="10" type="stmt"/>
        <line num="17" count="40" type="cond" truecount="2" falsecount="0"/>
        <line num="18" count="40" type="stmt"/>
        <line num="19" count="40" type="stmt"/>
        <line num="20" count="40" type="stmt"/>
        <line num="21" count="40" type="stmt"/>
        <line num="22" count="0" type="stmt"/>
        <line num="26" count="10" type="stmt"/>
        <line num="27" count="7" type="cond" truecount="2" falsecount="0"/>
        <line num="28" count="7" type="stmt"/>
        <line num="29" count="7" type="stmt"/>
        <line num="30" count="7" type="stmt"/>
        <line num="31" count="7" type="stmt"/>
        <line num="32" count="0" type="stmt"/>
        <line num="36" count="10" type="stmt"/>
        <line num="37" count="0" type="cond" truecount="0" falsecount="2"/>
        <line num="38" count="0" type="stmt"/>
        <line num="39" count="0" type="stmt"/>
        <line num="40" count="0" type="stmt"/>
        <line num="41" count="0" type="stmt"/>
        <line num="42" count="0" type="stmt"/>
        <line num="46" count="10" type="stmt"/>
        <line num="47" count="10" type="cond" truecount="2" falsecount="0"/>
        <line num="49" count="10" type="cond" truecount="2" falsecount="0"/>
        <line num="50" count="10" type="stmt"/>
        <line num="51" count="10" type="stmt"/>
        <line num="52" count="10" type="stmt"/>
        <line num="53" count="10" type="stmt"/>
        <line num="54" count="0" type="stmt"/>
        <line num="58" count="10" type="stmt"/>
        <line num="59" count="5" type="cond" truecount="2" falsecount="0"/>
        <line num="61" count="5" type="cond" truecount="2" falsecount="0"/>
        <line num="63" count="5" type="stmt"/>
        <line num="64" count="5" type="stmt"/>
        <line num="65" count="5" type="stmt"/>
        <line num="66" count="5" type="stmt"/>
        <line num="67" count="1" type="stmt"/>
      </file>
    </package>
  </project>
</coverage>
