{"total": {"lines":{"total":307,"covered":235,"skipped":0,"pct":76.54},"statements":{"total":341,"covered":253,"skipped":0,"pct":74.19},"functions":{"total":128,"covered":80,"skipped":0,"pct":62.5},"branches":{"total":112,"covered":66,"skipped":0,"pct":58.92},"branchesTrue":{"total":0,"covered":0,"skipped":0,"pct":100}}
,"/home/caique/Documentos/projects/sd-023-a-project-recipes-app/src/App.js": {"lines":{"total":1,"covered":1,"skipped":0,"pct":100},"functions":{"total":1,"covered":1,"skipped":0,"pct":100},"statements":{"total":1,"covered":1,"skipped":0,"pct":100},"branches":{"total":0,"covered":0,"skipped":0,"pct":100}}
,"/home/caique/Documentos/projects/sd-023-a-project-recipes-app/src/components/Categories.js": {"lines":{"total":25,"covered":18,"skipped":0,"pct":72},"functions":{"total":13,"covered":7,"skipped":0,"pct":53.84},"statements":{"total":32,"covered":22,"skipped":0,"pct":68.75},"branches":{"total":10,"covered":5,"skipped":0,"pct":50}}
,"/home/caique/Documentos/projects/sd-023-a-project-recipes-app/src/components/DetailsPageButtons.js": {"lines":{"total":24,"covered":14,"skipped":0,"pct":58.33},"functions":{"total":7,"covered":2,"skipped":0,"pct":28.57},"statements":{"total":26,"covered":14,"skipped":0,"pct":53.84},"branches":{"total":10,"covered":2,"skipped":0,"pct":20}}
,"/home/caique/Documentos/projects/sd-023-a-project-recipes-app/src/components/Footer.js": {"lines":{"total":6,"covered":3,"skipped":0,"pct":50},"functions":{"total":4,"covered":1,"skipped":0,"pct":25},"statements":{"total":6,"covered":3,"skipped":0,"pct":50},"branches":{"total":0,"covered":0,"skipped":0,"pct":100}}
,"/home/caique/Documentos/projects/sd-023-a-project-recipes-app/src/components/Header.js": {"lines":{"total":7,"covered":7,"skipped":0,"pct":100},"functions":{"total":4,"covered":4,"skipped":0,"pct":100},"statements":{"total":8,"covered":8,"skipped":0,"pct":100},"branches":{"total":4,"covered":4,"skipped":0,"pct":100}}
,"/home/caique/Documentos/projects/sd-023-a-project-recipes-app/src/components/RecipeDetailsCard.js": {"lines":{"total":8,"covered":1,"skipped":0,"pct":12.5},"functions":{"total":5,"covered":0,"skipped":0,"pct":0},"statements":{"total":11,"covered":1,"skipped":0,"pct":9.09},"branches":{"total":6,"covered":0,"skipped":0,"pct":0}}
,"/home/caique/Documentos/projects/sd-023-a-project-recipes-app/src/components/RecipesCard.js": {"lines":{"total":9,"covered":6,"skipped":0,"pct":66.66},"functions":{"total":4,"covered":2,"skipped":0,"pct":50},"statements":{"total":10,"covered":6,"skipped":0,"pct":60},"branches":{"total":6,"covered":4,"skipped":0,"pct":66.66}}
,"/home/caique/Documentos/projects/sd-023-a-project-recipes-app/src/components/SearchBar.js": {"lines":{"total":14,"covered":14,"skipped":0,"pct":100},"functions":{"total":6,"covered":6,"skipped":0,"pct":100},"statements":{"total":14,"covered":14,"skipped":0,"pct":100},"branches":{"total":4,"covered":4,"skipped":0,"pct":100}}
,"/home/caique/Documentos/projects/sd-023-a-project-recipes-app/src/components/SugestionsCard.js": {"lines":{"total":6,"covered":4,"skipped":0,"pct":66.66},"functions":{"total":3,"covered":1,"skipped":0,"pct":33.33},"statements":{"total":6,"covered":4,"skipped":0,"pct":66.66},"branches":{"total":0,"covered":0,"skipped":0,"pct":100}}
,"/home/caique/Documentos/projects/sd-023-a-project-recipes-app/src/context/RecipesContext.js": {"lines":{"total":1,"covered":1,"skipped":0,"pct":100},"functions":{"total":0,"covered":0,"skipped":0,"pct":100},"statements":{"total":1,"covered":1,"skipped":0,"pct":100},"branches":{"total":0,"covered":0,"skipped":0,"pct":100}}
,"/home/caique/Documentos/projects/sd-023-a-project-recipes-app/src/context/RecipesProvider.js": {"lines":{"total":10,"covered":10,"skipped":0,"pct":100},"functions":{"total":3,"covered":3,"skipped":0,"pct":100},"statements":{"total":12,"covered":12,"skipped":0,"pct":100},"branches":{"total":2,"covered":2,"skipped":0,"pct":100}}
,"/home/caique/Documentos/projects/sd-023-a-project-recipes-app/src/helpers/index.js": {"lines":{"total":48,"covered":39,"skipped":0,"pct":81.25},"functions":{"total":17,"covered":14,"skipped":0,"pct":82.35},"statements":{"total":54,"covered":44,"skipped":0,"pct":81.48},"branches":{"total":22,"covered":12,"skipped":0,"pct":54.54}}
,"/home/caique/Documentos/projects/sd-023-a-project-recipes-app/src/pages/DoneRecipes.js": {"lines":{"total":1,"covered":0,"skipped":0,"pct":0},"functions":{"total":1,"covered":0,"skipped":0,"pct":0},"statements":{"total":1,"covered":0,"skipped":0,"pct":0},"branches":{"total":0,"covered":0,"skipped":0,"pct":100}}
,"/home/caique/Documentos/projects/sd-023-a-project-recipes-app/src/pages/FavoriteRecipes.js": {"lines":{"total":1,"covered":0,"skipped":0,"pct":0},"functions":{"total":1,"covered":0,"skipped":0,"pct":0},"statements":{"total":1,"covered":0,"skipped":0,"pct":0},"branches":{"total":0,"covered":0,"skipped":0,"pct":100}}
,"/home/caique/Documentos/projects/sd-023-a-project-recipes-app/src/pages/Login.js": {"lines":{"total":17,"covered":17,"skipped":0,"pct":100},"functions":{"total":7,"covered":7,"skipped":0,"pct":100},"statements":{"total":18,"covered":18,"skipped":0,"pct":100},"branches":{"total":2,"covered":2,"skipped":0,"pct":100}}
,"/home/caique/Documentos/projects/sd-023-a-project-recipes-app/src/pages/Profile.js": {"lines":{"total":10,"covered":2,"skipped":0,"pct":20},"functions":{"total":5,"covered":1,"skipped":0,"pct":20},"statements":{"total":10,"covered":2,"skipped":0,"pct":20},"branches":{"total":0,"covered":0,"skipped":0,"pct":100}}
,"/home/caique/Documentos/projects/sd-023-a-project-recipes-app/src/pages/RecipeDetails.js": {"lines":{"total":26,"covered":25,"skipped":0,"pct":96.15},"functions":{"total":8,"covered":6,"skipped":0,"pct":75},"statements":{"total":27,"covered":25,"skipped":0,"pct":92.59},"branches":{"total":10,"covered":7,"skipped":0,"pct":70}}
,"/home/caique/Documentos/projects/sd-023-a-project-recipes-app/src/pages/RecipeInProgress.js": {"lines":{"total":1,"covered":0,"skipped":0,"pct":0},"functions":{"total":1,"covered":0,"skipped":0,"pct":0},"statements":{"total":1,"covered":0,"skipped":0,"pct":0},"branches":{"total":0,"covered":0,"skipped":0,"pct":100}}
,"/home/caique/Documentos/projects/sd-023-a-project-recipes-app/src/pages/Recipes.js": {"lines":{"total":21,"covered":21,"skipped":0,"pct":100},"functions":{"total":7,"covered":7,"skipped":0,"pct":100},"statements":{"total":24,"covered":24,"skipped":0,"pct":100},"branches":{"total":12,"covered":11,"skipped":0,"pct":91.66}}
,"/home/caique/Documentos/projects/sd-023-a-project-recipes-app/src/services/localStorage.js": {"lines":{"total":28,"covered":19,"skipped":0,"pct":67.85},"functions":{"total":10,"covered":4,"skipped":0,"pct":40},"statements":{"total":35,"covered":21,"skipped":0,"pct":60},"branches":{"total":10,"covered":5,"skipped":0,"pct":50}}
,"/home/caique/Documentos/projects/sd-023-a-project-recipes-app/src/services/requestAPI.js": {"lines":{"total":43,"covered":33,"skipped":0,"pct":76.74},"functions":{"total":21,"covered":14,"skipped":0,"pct":66.66},"statements":{"total":43,"covered":33,"skipped":0,"pct":76.74},"branches":{"total":14,"covered":8,"skipped":0,"pct":57.14}}
}
