{"/home/caique/Documentos/projects/sd-023-a-project-recipes-app/src/App.js": {"path":"/home/caique/Documentos/projects/sd-023-a-project-recipes-app/src/App.js","statementMap":{"0":{"start":{"line":15,"column":2},"end":{"line":43,"column":4}}},"fnMap":{"0":{"name":"App","decl":{"start":{"line":14,"column":9},"end":{"line":14,"column":12}},"loc":{"start":{"line":14,"column":15},"end":{"line":44,"column":1}},"line":14}},"branchMap":{},"s":{"0":38},"f":{"0":38},"b":{},"_coverageSchema":"1a1c01bbd47fc00a2c39e90264f33305004495a9","hash":"f735812498f2e0396cf13d9a660a3fa8d0535621"}
,"/home/caique/Documentos/projects/sd-023-a-project-recipes-app/src/components/Categories.jsx": {"path":"/home/caique/Documentos/projects/sd-023-a-project-recipes-app/src/components/Categories.jsx","statementMap":{"0":{"start":{"line":8,"column":18},"end":{"line":8,"column":30}},"1":{"start":{"line":9,"column":37},"end":{"line":9,"column":44}},"2":{"start":{"line":10,"column":38},"end":{"line":10,"column":50}},"3":{"start":{"line":11,"column":48},"end":{"line":11,"column":60}},"4":{"start":{"line":16,"column":6},"end":{"line":16,"column":32}},"5":{"start":{"line":19,"column":26},"end":{"line":22,"column":3}},"6":{"start":{"line":20,"column":20},"end":{"line":20,"column":57}},"7":{"start":{"line":21,"column":4},"end":{"line":21,"column":82}},"8":{"start":{"line":21,"column":32},"end":{"line":21,"column":82}},"9":{"start":{"line":21,"column":71},"end":{"line":21,"column":79}},"10":{"start":{"line":25,"column":2},"end":{"line":28,"column":16}},"11":{"start":{"line":26,"column":4},"end":{"line":26,"column":22}},"12":{"start":{"line":27,"column":4},"end":{"line":27,"column":35}},"13":{"start":{"line":27,"column":17},"end":{"line":27,"column":34}},"14":{"start":{"line":31,"column":31},"end":{"line":34,"column":3}},"15":{"start":{"line":32,"column":20},"end":{"line":32,"column":65}},"16":{"start":{"line":33,"column":4},"end":{"line":33,"column":57}},"17":{"start":{"line":33,"column":42},"end":{"line":33,"column":54}},"18":{"start":{"line":37,"column":35},"end":{"line":40,"column":3}},"19":{"start":{"line":38,"column":4},"end":{"line":38,"column":63}},"20":{"start":{"line":38,"column":25},"end":{"line":38,"column":63}},"21":{"start":{"line":39,"column":4},"end":{"line":39,"column":49}},"22":{"start":{"line":39,"column":26},"end":{"line":39,"column":49}},"23":{"start":{"line":42,"column":2},"end":{"line":44,"column":24}},"24":{"start":{"line":43,"column":4},"end":{"line":43,"column":31}},"25":{"start":{"line":46,"column":2},"end":{"line":72,"column":4}},"26":{"start":{"line":51,"column":12},"end":{"line":61,"column":21}},"27":{"start":{"line":54,"column":30},"end":{"line":57,"column":16}},"28":{"start":{"line":55,"column":16},"end":{"line":55,"column":52}},"29":{"start":{"line":55,"column":42},"end":{"line":55,"column":52}},"30":{"start":{"line":56,"column":16},"end":{"line":56,"column":35}},"31":{"start":{"line":66,"column":24},"end":{"line":66,"column":46}}},"fnMap":{"0":{"name":"Categories","decl":{"start":{"line":7,"column":9},"end":{"line":7,"column":19}},"loc":{"start":{"line":7,"column":22},"end":{"line":73,"column":1}},"line":7},"1":{"name":"(anonymous_1)","decl":{"start":{"line":19,"column":26},"end":{"line":19,"column":27}},"loc":{"start":{"line":19,"column":38},"end":{"line":22,"column":3}},"line":19},"2":{"name":"(anonymous_2)","decl":{"start":{"line":21,"column":61},"end":{"line":21,"column":62}},"loc":{"start":{"line":21,"column":71},"end":{"line":21,"column":79}},"line":21},"3":{"name":"(anonymous_3)","decl":{"start":{"line":25,"column":12},"end":{"line":25,"column":13}},"loc":{"start":{"line":25,"column":18},"end":{"line":28,"column":3}},"line":25},"4":{"name":"(anonymous_4)","decl":{"start":{"line":27,"column":11},"end":{"line":27,"column":12}},"loc":{"start":{"line":27,"column":17},"end":{"line":27,"column":34}},"line":27},"5":{"name":"(anonymous_5)","decl":{"start":{"line":31,"column":31},"end":{"line":31,"column":32}},"loc":{"start":{"line":31,"column":51},"end":{"line":34,"column":3}},"line":31},"6":{"name":"(anonymous_6)","decl":{"start":{"line":33,"column":30},"end":{"line":33,"column":31}},"loc":{"start":{"line":33,"column":42},"end":{"line":33,"column":54}},"line":33},"7":{"name":"(anonymous_7)","decl":{"start":{"line":37,"column":35},"end":{"line":37,"column":36}},"loc":{"start":{"line":37,"column":41},"end":{"line":40,"column":3}},"line":37},"8":{"name":"(anonymous_8)","decl":{"start":{"line":42,"column":12},"end":{"line":42,"column":13}},"loc":{"start":{"line":42,"column":18},"end":{"line":44,"column":3}},"line":42},"9":{"name":"(anonymous_9)","decl":{"start":{"line":50,"column":15},"end":{"line":50,"column":16}},"loc":{"start":{"line":51,"column":12},"end":{"line":61,"column":21}},"line":51},"10":{"name":"(anonymous_10)","decl":{"start":{"line":54,"column":24},"end":{"line":54,"column":25}},"loc":{"start":{"line":54,"column":30},"end":{"line":57,"column":16}},"line":54},"11":{"name":"(anonymous_11)","decl":{"start":{"line":54,"column":49},"end":{"line":54,"column":50}},"loc":{"start":{"line":54,"column":59},"end":{"line":57,"column":15}},"line":54},"12":{"name":"(anonymous_12)","decl":{"start":{"line":66,"column":18},"end":{"line":66,"column":19}},"loc":{"start":{"line":66,"column":24},"end":{"line":66,"column":46}},"line":66}},"branchMap":{"0":{"loc":{"start":{"line":21,"column":4},"end":{"line":21,"column":82}},"type":"if","locations":[{"start":{"line":21,"column":4},"end":{"line":21,"column":82}},{"start":{},"end":{}}],"line":21},"1":{"loc":{"start":{"line":38,"column":4},"end":{"line":38,"column":63}},"type":"if","locations":[{"start":{"line":38,"column":4},"end":{"line":38,"column":63}},{"start":{},"end":{}}],"line":38},"2":{"loc":{"start":{"line":39,"column":4},"end":{"line":39,"column":49}},"type":"if","locations":[{"start":{"line":39,"column":4},"end":{"line":39,"column":49}},{"start":{},"end":{}}],"line":39},"3":{"loc":{"start":{"line":49,"column":8},"end":{"line":62,"column":12}},"type":"binary-expr","locations":[{"start":{"line":49,"column":8},"end":{"line":49,"column":25}},{"start":{"line":49,"column":29},"end":{"line":62,"column":12}}],"line":49},"4":{"loc":{"start":{"line":55,"column":16},"end":{"line":55,"column":52}},"type":"if","locations":[{"start":{"line":55,"column":16},"end":{"line":55,"column":52}},{"start":{},"end":{}}],"line":55}},"s":{"0":7,"1":7,"2":7,"3":7,"4":7,"5":7,"6":7,"7":7,"8":7,"9":95,"10":7,"11":7,"12":7,"13":7,"14":7,"15":0,"16":0,"17":0,"18":7,"19":7,"20":0,"21":7,"22":7,"23":7,"24":7,"25":7,"26":0,"27":0,"28":0,"29":0,"30":0,"31":1},"f":{"0":7,"1":7,"2":95,"3":7,"4":7,"5":0,"6":0,"7":7,"8":7,"9":0,"10":0,"11":0,"12":1},"b":{"0":[7,0],"1":[0,7],"2":[7,0],"3":[7,0],"4":[0,0]},"_coverageSchema":"1a1c01bbd47fc00a2c39e90264f33305004495a9","hash":"dda7d69e41f1f83a14089b0f2db9bccb6b5a76f3"}
,"/home/caique/Documentos/projects/sd-023-a-project-recipes-app/src/components/DetailsPageButtons.jsx": {"path":"/home/caique/Documentos/projects/sd-023-a-project-recipes-app/src/components/DetailsPageButtons.jsx","statementMap":{"0":{"start":{"line":14,"column":40},"end":{"line":14,"column":55}},"1":{"start":{"line":18,"column":6},"end":{"line":18,"column":32}},"2":{"start":{"line":19,"column":26},"end":{"line":19,"column":47}},"3":{"start":{"line":21,"column":17},"end":{"line":21,"column":28}},"4":{"start":{"line":24,"column":29},"end":{"line":29,"column":3}},"5":{"start":{"line":25,"column":4},"end":{"line":25,"column":59}},"6":{"start":{"line":26,"column":4},"end":{"line":26,"column":25}},"7":{"start":{"line":27,"column":22},"end":{"line":27,"column":26}},"8":{"start":{"line":28,"column":4},"end":{"line":28,"column":55}},"9":{"start":{"line":28,"column":21},"end":{"line":28,"column":42}},"10":{"start":{"line":32,"column":2},"end":{"line":40,"column":24}},"11":{"start":{"line":33,"column":31},"end":{"line":33,"column":56}},"12":{"start":{"line":34,"column":4},"end":{"line":34,"column":36}},"13":{"start":{"line":35,"column":4},"end":{"line":35,"column":20}},"14":{"start":{"line":36,"column":23},"end":{"line":36,"column":80}},"15":{"start":{"line":36,"column":61},"end":{"line":36,"column":79}},"16":{"start":{"line":37,"column":20},"end":{"line":37,"column":56}},"17":{"start":{"line":38,"column":4},"end":{"line":38,"column":25}},"18":{"start":{"line":39,"column":4},"end":{"line":39,"column":21}},"19":{"start":{"line":42,"column":2},"end":{"line":60,"column":4}},"20":{"start":{"line":56,"column":24},"end":{"line":56,"column":47}}},"fnMap":{"0":{"name":"DetailsPageButtons","decl":{"start":{"line":13,"column":9},"end":{"line":13,"column":27}},"loc":{"start":{"line":13,"column":30},"end":{"line":61,"column":1}},"line":13},"1":{"name":"(anonymous_1)","decl":{"start":{"line":24,"column":29},"end":{"line":24,"column":30}},"loc":{"start":{"line":24,"column":35},"end":{"line":29,"column":3}},"line":24},"2":{"name":"(anonymous_2)","decl":{"start":{"line":28,"column":15},"end":{"line":28,"column":16}},"loc":{"start":{"line":28,"column":21},"end":{"line":28,"column":42}},"line":28},"3":{"name":"(anonymous_3)","decl":{"start":{"line":32,"column":12},"end":{"line":32,"column":13}},"loc":{"start":{"line":32,"column":18},"end":{"line":40,"column":3}},"line":32},"4":{"name":"(anonymous_4)","decl":{"start":{"line":36,"column":47},"end":{"line":36,"column":48}},"loc":{"start":{"line":36,"column":61},"end":{"line":36,"column":79}},"line":36},"5":{"name":"(anonymous_5)","decl":{"start":{"line":56,"column":18},"end":{"line":56,"column":19}},"loc":{"start":{"line":56,"column":24},"end":{"line":56,"column":47}},"line":56}},"branchMap":{"0":{"loc":{"start":{"line":37,"column":20},"end":{"line":37,"column":56}},"type":"cond-expr","locations":[{"start":{"line":37,"column":33},"end":{"line":37,"column":42}},{"start":{"line":37,"column":45},"end":{"line":37,"column":56}}],"line":37},"1":{"loc":{"start":{"line":51,"column":8},"end":{"line":51,"column":48}},"type":"binary-expr","locations":[{"start":{"line":51,"column":8},"end":{"line":51,"column":19}},{"start":{"line":51,"column":23},"end":{"line":51,"column":48}}],"line":51}},"s":{"0":21,"1":21,"2":21,"3":21,"4":21,"5":0,"6":0,"7":0,"8":0,"9":0,"10":21,"11":13,"12":13,"13":13,"14":13,"15":2,"16":13,"17":13,"18":13,"19":21,"20":3},"f":{"0":21,"1":0,"2":0,"3":13,"4":2,"5":3},"b":{"0":[0,13],"1":[21,0]},"_coverageSchema":"1a1c01bbd47fc00a2c39e90264f33305004495a9","hash":"4e89e962669cb8a2ef8a6a45d63ca67dbb372df3"}
,"/home/caique/Documentos/projects/sd-023-a-project-recipes-app/src/components/FilterButtons.jsx": {"path":"/home/caique/Documentos/projects/sd-023-a-project-recipes-app/src/components/FilterButtons.jsx","statementMap":{"0":{"start":{"line":5,"column":24},"end":{"line":5,"column":50}},"1":{"start":{"line":7,"column":2},"end":{"line":34,"column":4}},"2":{"start":{"line":12,"column":25},"end":{"line":12,"column":50}},"3":{"start":{"line":20,"column":25},"end":{"line":20,"column":50}},"4":{"start":{"line":28,"column":25},"end":{"line":28,"column":50}}},"fnMap":{"0":{"name":"FilterButtons","decl":{"start":{"line":4,"column":9},"end":{"line":4,"column":22}},"loc":{"start":{"line":4,"column":25},"end":{"line":35,"column":1}},"line":4},"1":{"name":"(anonymous_1)","decl":{"start":{"line":12,"column":18},"end":{"line":12,"column":19}},"loc":{"start":{"line":12,"column":25},"end":{"line":12,"column":50}},"line":12},"2":{"name":"(anonymous_2)","decl":{"start":{"line":20,"column":18},"end":{"line":20,"column":19}},"loc":{"start":{"line":20,"column":25},"end":{"line":20,"column":50}},"line":20},"3":{"name":"(anonymous_3)","decl":{"start":{"line":28,"column":18},"end":{"line":28,"column":19}},"loc":{"start":{"line":28,"column":25},"end":{"line":28,"column":50}},"line":28}},"branchMap":{},"s":{"0":12,"1":12,"2":2,"3":2,"4":3},"f":{"0":12,"1":2,"2":2,"3":3},"b":{},"_coverageSchema":"1a1c01bbd47fc00a2c39e90264f33305004495a9","hash":"fbf5f3096d7213de8538e40d98f19856e777d889"}
,"/home/caique/Documentos/projects/sd-023-a-project-recipes-app/src/components/Footer.jsx": {"path":"/home/caique/Documentos/projects/sd-023-a-project-recipes-app/src/components/Footer.jsx","statementMap":{"0":{"start":{"line":7,"column":18},"end":{"line":7,"column":30}},"1":{"start":{"line":9,"column":19},"end":{"line":11,"column":3}},"2":{"start":{"line":10,"column":4},"end":{"line":10,"column":27}},"3":{"start":{"line":13,"column":2},"end":{"line":31,"column":4}},"4":{"start":{"line":19,"column":24},"end":{"line":19,"column":43}},"5":{"start":{"line":27,"column":24},"end":{"line":27,"column":42}}},"fnMap":{"0":{"name":"Footer","decl":{"start":{"line":6,"column":9},"end":{"line":6,"column":15}},"loc":{"start":{"line":6,"column":18},"end":{"line":32,"column":1}},"line":6},"1":{"name":"(anonymous_1)","decl":{"start":{"line":9,"column":19},"end":{"line":9,"column":20}},"loc":{"start":{"line":9,"column":33},"end":{"line":11,"column":3}},"line":9},"2":{"name":"(anonymous_2)","decl":{"start":{"line":19,"column":18},"end":{"line":19,"column":19}},"loc":{"start":{"line":19,"column":24},"end":{"line":19,"column":43}},"line":19},"3":{"name":"(anonymous_3)","decl":{"start":{"line":27,"column":18},"end":{"line":27,"column":19}},"loc":{"start":{"line":27,"column":24},"end":{"line":27,"column":42}},"line":27}},"branchMap":{},"s":{"0":36,"1":36,"2":2,"3":36,"4":1,"5":1},"f":{"0":36,"1":2,"2":1,"3":1},"b":{},"_coverageSchema":"1a1c01bbd47fc00a2c39e90264f33305004495a9","hash":"1a5c9bc61c8b6e254b12ac1e2b7275e591f99f96"}
,"/home/caique/Documentos/projects/sd-023-a-project-recipes-app/src/components/Header.jsx": {"path":"/home/caique/Documentos/projects/sd-023-a-project-recipes-app/src/components/Header.jsx","statementMap":{"0":{"start":{"line":9,"column":18},"end":{"line":9,"column":30}},"1":{"start":{"line":10,"column":37},"end":{"line":10,"column":44}},"2":{"start":{"line":11,"column":28},"end":{"line":11,"column":54}},"3":{"start":{"line":12,"column":32},"end":{"line":12,"column":47}},"4":{"start":{"line":14,"column":2},"end":{"line":38,"column":4}},"5":{"start":{"line":23,"column":24},"end":{"line":23,"column":48}},"6":{"start":{"line":32,"column":26},"end":{"line":32,"column":61}},"7":{"start":{"line":32,"column":51},"end":{"line":32,"column":60}}},"fnMap":{"0":{"name":"Header","decl":{"start":{"line":8,"column":9},"end":{"line":8,"column":15}},"loc":{"start":{"line":8,"column":18},"end":{"line":39,"column":1}},"line":8},"1":{"name":"(anonymous_1)","decl":{"start":{"line":23,"column":18},"end":{"line":23,"column":19}},"loc":{"start":{"line":23,"column":24},"end":{"line":23,"column":48}},"line":23},"2":{"name":"(anonymous_2)","decl":{"start":{"line":32,"column":20},"end":{"line":32,"column":21}},"loc":{"start":{"line":32,"column":26},"end":{"line":32,"column":61}},"line":32},"3":{"name":"(anonymous_3)","decl":{"start":{"line":32,"column":37},"end":{"line":32,"column":38}},"loc":{"start":{"line":32,"column":51},"end":{"line":32,"column":60}},"line":32}},"branchMap":{"0":{"loc":{"start":{"line":26,"column":8},"end":{"line":34,"column":7}},"type":"binary-expr","locations":[{"start":{"line":26,"column":8},"end":{"line":26,"column":14}},{"start":{"line":27,"column":8},"end":{"line":33,"column":10}}],"line":26},"1":{"loc":{"start":{"line":36,"column":8},"end":{"line":36,"column":32}},"type":"binary-expr","locations":[{"start":{"line":36,"column":8},"end":{"line":36,"column":15}},{"start":{"line":36,"column":19},"end":{"line":36,"column":32}}],"line":36}},"s":{"0":59,"1":59,"2":59,"3":59,"4":59,"5":1,"6":11,"7":11},"f":{"0":59,"1":1,"2":11,"3":11},"b":{"0":[59,40],"1":[59,21]},"_coverageSchema":"1a1c01bbd47fc00a2c39e90264f33305004495a9","hash":"21e7604e66181e0962045e21f3602b37444e9547"}
,"/home/caique/Documentos/projects/sd-023-a-project-recipes-app/src/components/RecipeDetailsCard.jsx": {"path":"/home/caique/Documentos/projects/sd-023-a-project-recipes-app/src/components/RecipeDetailsCard.jsx","statementMap":{"0":{"start":{"line":6,"column":37},"end":{"line":6,"column":49}},"1":{"start":{"line":16,"column":6},"end":{"line":16,"column":12}},"2":{"start":{"line":19,"column":26},"end":{"line":27,"column":6}},"3":{"start":{"line":19,"column":32},"end":{"line":27,"column":6}},"4":{"start":{"line":21,"column":6},"end":{"line":26,"column":11}},"5":{"start":{"line":29,"column":2},"end":{"line":52,"column":4}},"6":{"start":{"line":55,"column":0},"end":{"line":55,"column":71}}},"fnMap":{"0":{"name":"RecipeDetailsCard","decl":{"start":{"line":5,"column":9},"end":{"line":5,"column":26}},"loc":{"start":{"line":5,"column":39},"end":{"line":53,"column":1}},"line":5},"1":{"name":"(anonymous_1)","decl":{"start":{"line":19,"column":26},"end":{"line":19,"column":27}},"loc":{"start":{"line":19,"column":32},"end":{"line":27,"column":6}},"line":19},"2":{"name":"(anonymous_2)","decl":{"start":{"line":20,"column":9},"end":{"line":20,"column":10}},"loc":{"start":{"line":21,"column":6},"end":{"line":26,"column":11}},"line":21}},"branchMap":{"0":{"loc":{"start":{"line":25,"column":22},"end":{"line":25,"column":43}},"type":"binary-expr","locations":[{"start":{"line":25,"column":22},"end":{"line":25,"column":37}},{"start":{"line":25,"column":41},"end":{"line":25,"column":43}}],"line":25},"1":{"loc":{"start":{"line":38,"column":10},"end":{"line":38,"column":64}},"type":"cond-expr","locations":[{"start":{"line":38,"column":39},"end":{"line":38,"column":47}},{"start":{"line":38,"column":50},"end":{"line":38,"column":64}}],"line":38},"2":{"loc":{"start":{"line":40,"column":8},"end":{"line":48,"column":7}},"type":"binary-expr","locations":[{"start":{"line":40,"column":8},"end":{"line":40,"column":13}},{"start":{"line":41,"column":8},"end":{"line":47,"column":10}}],"line":40}},"s":{"0":1,"1":1,"2":1,"3":1,"4":3,"5":1,"6":10},"f":{"0":1,"1":1,"2":3},"b":{"0":[3,0],"1":[0,1],"2":[1,0]},"_coverageSchema":"1a1c01bbd47fc00a2c39e90264f33305004495a9","hash":"20b20dd9b12a30c839b31293cc4cbb735f2b4f99"}
,"/home/caique/Documentos/projects/sd-023-a-project-recipes-app/src/components/RecipeInProgressCard.jsx": {"path":"/home/caique/Documentos/projects/sd-023-a-project-recipes-app/src/components/RecipeInProgressCard.jsx","statementMap":{"0":{"start":{"line":13,"column":18},"end":{"line":13,"column":30}},"1":{"start":{"line":14,"column":37},"end":{"line":14,"column":44}},"2":{"start":{"line":15,"column":17},"end":{"line":15,"column":28}},"3":{"start":{"line":26,"column":6},"end":{"line":26,"column":12}},"4":{"start":{"line":29,"column":22},"end":{"line":29,"column":69}},"5":{"start":{"line":32,"column":27},"end":{"line":32,"column":71}},"6":{"start":{"line":35,"column":24},"end":{"line":36,"column":26}},"7":{"start":{"line":35,"column":56},"end":{"line":36,"column":25}},"8":{"start":{"line":39,"column":30},"end":{"line":39,"column":53}},"9":{"start":{"line":42,"column":29},"end":{"line":47,"column":3}},"10":{"start":{"line":43,"column":4},"end":{"line":46,"column":8}},"11":{"start":{"line":43,"column":30},"end":{"line":46,"column":6}},"12":{"start":{"line":44,"column":6},"end":{"line":44,"column":38}},"13":{"start":{"line":44,"column":25},"end":{"line":44,"column":38}},"14":{"start":{"line":45,"column":6},"end":{"line":45,"column":18}},"15":{"start":{"line":50,"column":2},"end":{"line":56,"column":15}},"16":{"start":{"line":51,"column":28},"end":{"line":51,"column":67}},"17":{"start":{"line":51,"column":57},"end":{"line":51,"column":66}},"18":{"start":{"line":53,"column":4},"end":{"line":55,"column":5}},"19":{"start":{"line":53,"column":30},"end":{"line":53,"column":34}},"20":{"start":{"line":54,"column":6},"end":{"line":54,"column":63}},"21":{"start":{"line":59,"column":26},"end":{"line":78,"column":6}},"22":{"start":{"line":59,"column":32},"end":{"line":78,"column":6}},"23":{"start":{"line":61,"column":6},"end":{"line":77,"column":14}},"24":{"start":{"line":70,"column":27},"end":{"line":70,"column":52}},"25":{"start":{"line":80,"column":21},"end":{"line":80,"column":66}},"26":{"start":{"line":83,"column":27},"end":{"line":93,"column":4}},"27":{"start":{"line":83,"column":34},"end":{"line":93,"column":3}},"28":{"start":{"line":96,"column":34},"end":{"line":99,"column":3}},"29":{"start":{"line":97,"column":4},"end":{"line":97,"column":34}},"30":{"start":{"line":98,"column":4},"end":{"line":98,"column":40}},"31":{"start":{"line":101,"column":2},"end":{"line":124,"column":4}},"32":{"start":{"line":119,"column":43},"end":{"line":119,"column":47}},"33":{"start":{"line":127,"column":0},"end":{"line":127,"column":74}}},"fnMap":{"0":{"name":"RecipeInProgressCard","decl":{"start":{"line":12,"column":9},"end":{"line":12,"column":29}},"loc":{"start":{"line":12,"column":42},"end":{"line":125,"column":1}},"line":12},"1":{"name":"(anonymous_1)","decl":{"start":{"line":35,"column":40},"end":{"line":35,"column":41}},"loc":{"start":{"line":35,"column":56},"end":{"line":36,"column":25}},"line":35},"2":{"name":"(anonymous_2)","decl":{"start":{"line":42,"column":29},"end":{"line":42,"column":30}},"loc":{"start":{"line":42,"column":38},"end":{"line":47,"column":3}},"line":42},"3":{"name":"(anonymous_3)","decl":{"start":{"line":43,"column":14},"end":{"line":43,"column":15}},"loc":{"start":{"line":43,"column":30},"end":{"line":46,"column":6}},"line":43},"4":{"name":"(anonymous_4)","decl":{"start":{"line":43,"column":45},"end":{"line":43,"column":46}},"loc":{"start":{"line":43,"column":62},"end":{"line":46,"column":5}},"line":43},"5":{"name":"(anonymous_5)","decl":{"start":{"line":50,"column":12},"end":{"line":50,"column":13}},"loc":{"start":{"line":50,"column":18},"end":{"line":56,"column":3}},"line":50},"6":{"name":"(anonymous_6)","decl":{"start":{"line":51,"column":47},"end":{"line":51,"column":48}},"loc":{"start":{"line":51,"column":57},"end":{"line":51,"column":66}},"line":51},"7":{"name":"(anonymous_7)","decl":{"start":{"line":53,"column":20},"end":{"line":53,"column":21}},"loc":{"start":{"line":53,"column":30},"end":{"line":53,"column":34}},"line":53},"8":{"name":"(anonymous_8)","decl":{"start":{"line":59,"column":26},"end":{"line":59,"column":27}},"loc":{"start":{"line":59,"column":32},"end":{"line":78,"column":6}},"line":59},"9":{"name":"(anonymous_9)","decl":{"start":{"line":60,"column":9},"end":{"line":60,"column":10}},"loc":{"start":{"line":61,"column":6},"end":{"line":77,"column":14}},"line":61},"10":{"name":"(anonymous_10)","decl":{"start":{"line":70,"column":21},"end":{"line":70,"column":22}},"loc":{"start":{"line":70,"column":27},"end":{"line":70,"column":52}},"line":70},"11":{"name":"(anonymous_11)","decl":{"start":{"line":83,"column":27},"end":{"line":83,"column":28}},"loc":{"start":{"line":83,"column":34},"end":{"line":93,"column":3}},"line":83},"12":{"name":"(anonymous_12)","decl":{"start":{"line":96,"column":34},"end":{"line":96,"column":35}},"loc":{"start":{"line":96,"column":40},"end":{"line":99,"column":3}},"line":96},"13":{"name":"(anonymous_13)","decl":{"start":{"line":119,"column":33},"end":{"line":119,"column":34}},"loc":{"start":{"line":119,"column":43},"end":{"line":119,"column":47}},"line":119}},"branchMap":{"0":{"loc":{"start":{"line":29,"column":22},"end":{"line":29,"column":69}},"type":"cond-expr","locations":[{"start":{"line":29,"column":51},"end":{"line":29,"column":58}},{"start":{"line":29,"column":61},"end":{"line":29,"column":69}}],"line":29},"1":{"loc":{"start":{"line":32,"column":27},"end":{"line":32,"column":71}},"type":"binary-expr","locations":[{"start":{"line":32,"column":27},"end":{"line":32,"column":65}},{"start":{"line":32,"column":69},"end":{"line":32,"column":71}}],"line":32},"2":{"loc":{"start":{"line":44,"column":6},"end":{"line":44,"column":38}},"type":"if","locations":[{"start":{"line":44,"column":6},"end":{"line":44,"column":38}},{"start":{},"end":{}}],"line":44},"3":{"loc":{"start":{"line":53,"column":4},"end":{"line":55,"column":5}},"type":"if","locations":[{"start":{"line":53,"column":4},"end":{"line":55,"column":5}},{"start":{},"end":{}}],"line":53},"4":{"loc":{"start":{"line":73,"column":22},"end":{"line":73,"column":54}},"type":"cond-expr","locations":[{"start":{"line":73,"column":38},"end":{"line":73,"column":49}},{"start":{"line":73,"column":52},"end":{"line":73,"column":54}}],"line":73},"5":{"loc":{"start":{"line":75,"column":24},"end":{"line":75,"column":45}},"type":"binary-expr","locations":[{"start":{"line":75,"column":24},"end":{"line":75,"column":39}},{"start":{"line":75,"column":43},"end":{"line":75,"column":45}}],"line":75},"6":{"loc":{"start":{"line":80,"column":21},"end":{"line":80,"column":66}},"type":"cond-expr","locations":[{"start":{"line":80,"column":50},"end":{"line":80,"column":56}},{"start":{"line":80,"column":59},"end":{"line":80,"column":66}}],"line":80},"7":{"loc":{"start":{"line":110,"column":10},"end":{"line":110,"column":64}},"type":"cond-expr","locations":[{"start":{"line":110,"column":39},"end":{"line":110,"column":47}},{"start":{"line":110,"column":50},"end":{"line":110,"column":64}}],"line":110}},"s":{"0":19,"1":19,"2":19,"3":19,"4":19,"5":19,"6":19,"7":152,"8":19,"9":19,"10":16,"11":16,"12":128,"13":16,"14":112,"15":19,"16":19,"17":152,"18":19,"19":40,"20":16,"21":19,"22":19,"23":152,"24":16,"25":19,"26":19,"27":1,"28":19,"29":1,"30":1,"31":19,"32":89,"33":10},"f":{"0":19,"1":152,"2":16,"3":16,"4":128,"5":19,"6":152,"7":40,"8":19,"9":152,"10":16,"11":1,"12":1,"13":89},"b":{"0":[19,0],"1":[19,5],"2":[16,112],"3":[16,3],"4":[72,80],"5":[152,0],"6":[19,0],"7":[19,0]},"_coverageSchema":"1a1c01bbd47fc00a2c39e90264f33305004495a9","hash":"e76754c43660cba55b728f03df58e1685a4e0d4e"}
,"/home/caique/Documentos/projects/sd-023-a-project-recipes-app/src/components/RecipesCard.jsx": {"path":"/home/caique/Documentos/projects/sd-023-a-project-recipes-app/src/components/RecipesCard.jsx","statementMap":{"0":{"start":{"line":6,"column":18},"end":{"line":6,"column":30}},"1":{"start":{"line":7,"column":37},"end":{"line":7,"column":44}},"2":{"start":{"line":10,"column":22},"end":{"line":13,"column":3}},"3":{"start":{"line":11,"column":4},"end":{"line":11,"column":55}},"4":{"start":{"line":11,"column":31},"end":{"line":11,"column":55}},"5":{"start":{"line":12,"column":4},"end":{"line":12,"column":29}},"6":{"start":{"line":15,"column":2},"end":{"line":39,"column":4}},"7":{"start":{"line":19,"column":10},"end":{"line":35,"column":15}},"8":{"start":{"line":22,"column":28},"end":{"line":22,"column":78}},"9":{"start":{"line":42,"column":0},"end":{"line":44,"column":2}}},"fnMap":{"0":{"name":"RecipesCard","decl":{"start":{"line":5,"column":9},"end":{"line":5,"column":20}},"loc":{"start":{"line":5,"column":34},"end":{"line":40,"column":1}},"line":5},"1":{"name":"(anonymous_1)","decl":{"start":{"line":10,"column":22},"end":{"line":10,"column":23}},"loc":{"start":{"line":10,"column":37},"end":{"line":13,"column":3}},"line":10},"2":{"name":"(anonymous_2)","decl":{"start":{"line":18,"column":20},"end":{"line":18,"column":21}},"loc":{"start":{"line":19,"column":10},"end":{"line":35,"column":15}},"line":19},"3":{"name":"(anonymous_3)","decl":{"start":{"line":22,"column":22},"end":{"line":22,"column":23}},"loc":{"start":{"line":22,"column":28},"end":{"line":22,"column":78}},"line":22}},"branchMap":{"0":{"loc":{"start":{"line":11,"column":4},"end":{"line":11,"column":55}},"type":"if","locations":[{"start":{"line":11,"column":4},"end":{"line":11,"column":55}},{"start":{},"end":{}}],"line":11},"1":{"loc":{"start":{"line":26,"column":20},"end":{"line":27,"column":60}},"type":"cond-expr","locations":[{"start":{"line":27,"column":18},"end":{"line":27,"column":37}},{"start":{"line":27,"column":40},"end":{"line":27,"column":60}}],"line":26},"2":{"loc":{"start":{"line":32,"column":16},"end":{"line":33,"column":50}},"type":"cond-expr","locations":[{"start":{"line":33,"column":18},"end":{"line":33,"column":32}},{"start":{"line":33,"column":35},"end":{"line":33,"column":50}}],"line":32}},"s":{"0":7,"1":7,"2":7,"3":0,"4":0,"5":0,"6":7,"7":84,"8":0,"9":10},"f":{"0":7,"1":0,"2":84,"3":0},"b":{"0":[0,0],"1":[72,12],"2":[72,12]},"_coverageSchema":"1a1c01bbd47fc00a2c39e90264f33305004495a9","hash":"34d9e0be491e6a79c1019b0946fd6048a549143c"}
,"/home/caique/Documentos/projects/sd-023-a-project-recipes-app/src/components/RecipesInfo.jsx": {"path":"/home/caique/Documentos/projects/sd-023-a-project-recipes-app/src/components/RecipesInfo.jsx","statementMap":{"0":{"start":{"line":15,"column":18},"end":{"line":15,"column":30}},"1":{"start":{"line":16,"column":37},"end":{"line":16,"column":44}},"2":{"start":{"line":17,"column":40},"end":{"line":17,"column":55}},"3":{"start":{"line":18,"column":33},"end":{"line":18,"column":59}},"4":{"start":{"line":21,"column":21},"end":{"line":21,"column":46}},"5":{"start":{"line":24,"column":21},"end":{"line":24,"column":69}},"6":{"start":{"line":24,"column":36},"end":{"line":24,"column":69}},"7":{"start":{"line":24,"column":63},"end":{"line":24,"column":68}},"8":{"start":{"line":27,"column":18},"end":{"line":34,"column":4}},"9":{"start":{"line":27,"column":38},"end":{"line":34,"column":4}},"10":{"start":{"line":28,"column":4},"end":{"line":33,"column":11}},"11":{"start":{"line":37,"column":29},"end":{"line":43,"column":3}},"12":{"start":{"line":38,"column":22},"end":{"line":38,"column":58}},"13":{"start":{"line":39,"column":4},"end":{"line":39,"column":59}},"14":{"start":{"line":40,"column":4},"end":{"line":40,"column":25}},"15":{"start":{"line":41,"column":22},"end":{"line":41,"column":26}},"16":{"start":{"line":42,"column":4},"end":{"line":42,"column":55}},"17":{"start":{"line":42,"column":21},"end":{"line":42,"column":42}},"18":{"start":{"line":46,"column":28},"end":{"line":49,"column":3}},"19":{"start":{"line":47,"column":17},"end":{"line":47,"column":53}},"20":{"start":{"line":48,"column":4},"end":{"line":48,"column":41}},"21":{"start":{"line":52,"column":37},"end":{"line":55,"column":3}},"22":{"start":{"line":53,"column":4},"end":{"line":53,"column":37}},"23":{"start":{"line":54,"column":4},"end":{"line":54,"column":50}},"24":{"start":{"line":58,"column":25},"end":{"line":121,"column":6}},"25":{"start":{"line":58,"column":31},"end":{"line":121,"column":6}},"26":{"start":{"line":73,"column":6},"end":{"line":120,"column":12}},"27":{"start":{"line":79,"column":26},"end":{"line":79,"column":53}},"28":{"start":{"line":89,"column":26},"end":{"line":89,"column":53}},"29":{"start":{"line":105,"column":26},"end":{"line":105,"column":54}},"30":{"start":{"line":114,"column":30},"end":{"line":114,"column":60}},"31":{"start":{"line":123,"column":2},"end":{"line":128,"column":4}},"32":{"start":{"line":131,"column":0},"end":{"line":132,"column":61}}},"fnMap":{"0":{"name":"RecipesInfo","decl":{"start":{"line":14,"column":9},"end":{"line":14,"column":20}},"loc":{"start":{"line":14,"column":34},"end":{"line":129,"column":1}},"line":14},"1":{"name":"(anonymous_1)","decl":{"start":{"line":24,"column":21},"end":{"line":24,"column":22}},"loc":{"start":{"line":24,"column":36},"end":{"line":24,"column":69}},"line":24},"2":{"name":"(anonymous_2)","decl":{"start":{"line":24,"column":53},"end":{"line":24,"column":54}},"loc":{"start":{"line":24,"column":63},"end":{"line":24,"column":68}},"line":24},"3":{"name":"(anonymous_3)","decl":{"start":{"line":27,"column":18},"end":{"line":27,"column":19}},"loc":{"start":{"line":27,"column":38},"end":{"line":34,"column":4}},"line":27},"4":{"name":"(anonymous_4)","decl":{"start":{"line":27,"column":64},"end":{"line":27,"column":65}},"loc":{"start":{"line":28,"column":4},"end":{"line":33,"column":11}},"line":28},"5":{"name":"(anonymous_5)","decl":{"start":{"line":37,"column":29},"end":{"line":37,"column":30}},"loc":{"start":{"line":37,"column":49},"end":{"line":43,"column":3}},"line":37},"6":{"name":"(anonymous_6)","decl":{"start":{"line":42,"column":15},"end":{"line":42,"column":16}},"loc":{"start":{"line":42,"column":21},"end":{"line":42,"column":42}},"line":42},"7":{"name":"(anonymous_7)","decl":{"start":{"line":46,"column":28},"end":{"line":46,"column":29}},"loc":{"start":{"line":46,"column":48},"end":{"line":49,"column":3}},"line":46},"8":{"name":"(anonymous_8)","decl":{"start":{"line":52,"column":37},"end":{"line":52,"column":38}},"loc":{"start":{"line":52,"column":53},"end":{"line":55,"column":3}},"line":52},"9":{"name":"(anonymous_9)","decl":{"start":{"line":58,"column":25},"end":{"line":58,"column":26}},"loc":{"start":{"line":58,"column":31},"end":{"line":121,"column":6}},"line":58},"10":{"name":"(anonymous_10)","decl":{"start":{"line":59,"column":9},"end":{"line":59,"column":10}},"loc":{"start":{"line":73,"column":6},"end":{"line":120,"column":12}},"line":73},"11":{"name":"(anonymous_11)","decl":{"start":{"line":79,"column":20},"end":{"line":79,"column":21}},"loc":{"start":{"line":79,"column":26},"end":{"line":79,"column":53}},"line":79},"12":{"name":"(anonymous_12)","decl":{"start":{"line":89,"column":20},"end":{"line":89,"column":21}},"loc":{"start":{"line":89,"column":26},"end":{"line":89,"column":53}},"line":89},"13":{"name":"(anonymous_13)","decl":{"start":{"line":105,"column":20},"end":{"line":105,"column":21}},"loc":{"start":{"line":105,"column":26},"end":{"line":105,"column":54}},"line":105},"14":{"name":"(anonymous_14)","decl":{"start":{"line":114,"column":24},"end":{"line":114,"column":25}},"loc":{"start":{"line":114,"column":30},"end":{"line":114,"column":60}},"line":114}},"branchMap":{"0":{"loc":{"start":{"line":38,"column":22},"end":{"line":38,"column":58}},"type":"cond-expr","locations":[{"start":{"line":38,"column":40},"end":{"line":38,"column":47}},{"start":{"line":38,"column":50},"end":{"line":38,"column":58}}],"line":38},"1":{"loc":{"start":{"line":47,"column":17},"end":{"line":47,"column":53}},"type":"cond-expr","locations":[{"start":{"line":47,"column":35},"end":{"line":47,"column":42}},{"start":{"line":47,"column":45},"end":{"line":47,"column":53}}],"line":47},"2":{"loc":{"start":{"line":85,"column":12},"end":{"line":85,"column":77}},"type":"cond-expr","locations":[{"start":{"line":85,"column":30},"end":{"line":85,"column":60}},{"start":{"line":85,"column":63},"end":{"line":85,"column":77}}],"line":85},"3":{"loc":{"start":{"line":94,"column":10},"end":{"line":100,"column":9}},"type":"binary-expr","locations":[{"start":{"line":94,"column":10},"end":{"line":94,"column":20}},{"start":{"line":95,"column":10},"end":{"line":99,"column":17}}],"line":94},"4":{"loc":{"start":{"line":109,"column":10},"end":{"line":117,"column":11}},"type":"binary-expr","locations":[{"start":{"line":109,"column":10},"end":{"line":109,"column":21}},{"start":{"line":110,"column":12},"end":{"line":116,"column":14}}],"line":109},"5":{"loc":{"start":{"line":119,"column":10},"end":{"line":119,"column":44}},"type":"binary-expr","locations":[{"start":{"line":119,"column":10},"end":{"line":119,"column":20}},{"start":{"line":119,"column":24},"end":{"line":119,"column":44}}],"line":119},"6":{"loc":{"start":{"line":126,"column":8},"end":{"line":126,"column":48}},"type":"binary-expr","locations":[{"start":{"line":126,"column":8},"end":{"line":126,"column":19}},{"start":{"line":126,"column":23},"end":{"line":126,"column":48}}],"line":126}},"s":{"0":12,"1":12,"2":12,"3":12,"4":12,"5":12,"6":3,"7":2,"8":12,"9":3,"10":2,"11":12,"12":0,"13":0,"14":0,"15":0,"16":0,"17":0,"18":12,"19":0,"20":0,"21":12,"22":0,"23":0,"24":12,"25":12,"26":6,"27":0,"28":0,"29":0,"30":0,"31":12,"32":10},"f":{"0":12,"1":3,"2":2,"3":3,"4":2,"5":0,"6":0,"7":0,"8":0,"9":12,"10":6,"11":0,"12":0,"13":0,"14":0},"b":{"0":[0,0],"1":[0,0],"2":[6,0],"3":[6,3],"4":[6,3],"5":[6,3],"6":[12,0]},"_coverageSchema":"1a1c01bbd47fc00a2c39e90264f33305004495a9","hash":"68245f7bf7f4c6154d197bd838860038ead0d0db"}
,"/home/caique/Documentos/projects/sd-023-a-project-recipes-app/src/components/SearchBar.jsx": {"path":"/home/caique/Documentos/projects/sd-023-a-project-recipes-app/src/components/SearchBar.jsx","statementMap":{"0":{"start":{"line":7,"column":42},"end":{"line":7,"column":54}},"1":{"start":{"line":8,"column":30},"end":{"line":8,"column":42}},"2":{"start":{"line":9,"column":28},"end":{"line":9,"column":54}},"3":{"start":{"line":10,"column":18},"end":{"line":10,"column":30}},"4":{"start":{"line":11,"column":37},"end":{"line":11,"column":44}},"5":{"start":{"line":13,"column":23},"end":{"line":20,"column":3}},"6":{"start":{"line":14,"column":4},"end":{"line":19,"column":5}},"7":{"start":{"line":15,"column":6},"end":{"line":15,"column":67}},"8":{"start":{"line":18,"column":6},"end":{"line":18,"column":69}},"9":{"start":{"line":22,"column":2},"end":{"line":71,"column":4}},"10":{"start":{"line":26,"column":26},"end":{"line":26,"column":51}},"11":{"start":{"line":38,"column":27},"end":{"line":38,"column":58}},"12":{"start":{"line":49,"column":27},"end":{"line":49,"column":58}},"13":{"start":{"line":60,"column":27},"end":{"line":60,"column":58}}},"fnMap":{"0":{"name":"SearchBar","decl":{"start":{"line":6,"column":9},"end":{"line":6,"column":18}},"loc":{"start":{"line":6,"column":21},"end":{"line":72,"column":1}},"line":6},"1":{"name":"(anonymous_1)","decl":{"start":{"line":13,"column":23},"end":{"line":13,"column":24}},"loc":{"start":{"line":13,"column":29},"end":{"line":20,"column":3}},"line":13},"2":{"name":"(anonymous_2)","decl":{"start":{"line":26,"column":19},"end":{"line":26,"column":20}},"loc":{"start":{"line":26,"column":26},"end":{"line":26,"column":51}},"line":26},"3":{"name":"(anonymous_3)","decl":{"start":{"line":38,"column":20},"end":{"line":38,"column":21}},"loc":{"start":{"line":38,"column":27},"end":{"line":38,"column":58}},"line":38},"4":{"name":"(anonymous_4)","decl":{"start":{"line":49,"column":20},"end":{"line":49,"column":21}},"loc":{"start":{"line":49,"column":27},"end":{"line":49,"column":58}},"line":49},"5":{"name":"(anonymous_5)","decl":{"start":{"line":60,"column":20},"end":{"line":60,"column":21}},"loc":{"start":{"line":60,"column":27},"end":{"line":60,"column":58}},"line":60}},"branchMap":{"0":{"loc":{"start":{"line":14,"column":4},"end":{"line":19,"column":5}},"type":"if","locations":[{"start":{"line":14,"column":4},"end":{"line":19,"column":5}},{"start":{"line":16,"column":11},"end":{"line":19,"column":5}}],"line":14},"1":{"loc":{"start":{"line":14,"column":8},"end":{"line":14,"column":59}},"type":"binary-expr","locations":[{"start":{"line":14,"column":8},"end":{"line":14,"column":38}},{"start":{"line":14,"column":42},"end":{"line":14,"column":59}}],"line":14}},"s":{"0":47,"1":47,"2":47,"3":47,"4":47,"5":47,"6":7,"7":1,"8":6,"9":47,"10":21,"11":2,"12":1,"13":2},"f":{"0":47,"1":7,"2":21,"3":2,"4":1,"5":2},"b":{"0":[1,6],"1":[7,2]},"_coverageSchema":"1a1c01bbd47fc00a2c39e90264f33305004495a9","hash":"e3ce8b25be3f8e5535624dbd3dc5b4c0d58ac56d"}
,"/home/caique/Documentos/projects/sd-023-a-project-recipes-app/src/components/SugestionsCard.jsx": {"path":"/home/caique/Documentos/projects/sd-023-a-project-recipes-app/src/components/SugestionsCard.jsx","statementMap":{"0":{"start":{"line":7,"column":37},"end":{"line":7,"column":49}},"1":{"start":{"line":10,"column":27},"end":{"line":11,"column":62}},"2":{"start":{"line":11,"column":24},"end":{"line":11,"column":61}},"3":{"start":{"line":13,"column":2},"end":{"line":35,"column":4}},"4":{"start":{"line":18,"column":10},"end":{"line":31,"column":20}},"5":{"start":{"line":38,"column":0},"end":{"line":40,"column":2}}},"fnMap":{"0":{"name":"SugestionsCard","decl":{"start":{"line":6,"column":9},"end":{"line":6,"column":23}},"loc":{"start":{"line":6,"column":40},"end":{"line":36,"column":1}},"line":6},"1":{"name":"(anonymous_1)","decl":{"start":{"line":11,"column":9},"end":{"line":11,"column":10}},"loc":{"start":{"line":11,"column":24},"end":{"line":11,"column":61}},"line":11},"2":{"name":"(anonymous_2)","decl":{"start":{"line":17,"column":31},"end":{"line":17,"column":32}},"loc":{"start":{"line":18,"column":10},"end":{"line":31,"column":20}},"line":18}},"branchMap":{},"s":{"0":9,"1":9,"2":6,"3":9,"4":6,"5":10},"f":{"0":9,"1":6,"2":6},"b":{},"_coverageSchema":"1a1c01bbd47fc00a2c39e90264f33305004495a9","hash":"aa1aa25c033e08e9e5614ca9188c53ee5be2db6b"}
,"/home/caique/Documentos/projects/sd-023-a-project-recipes-app/src/context/RecipesContext.js": {"path":"/home/caique/Documentos/projects/sd-023-a-project-recipes-app/src/context/RecipesContext.js","statementMap":{"0":{"start":{"line":3,"column":23},"end":{"line":3,"column":38}}},"fnMap":{},"branchMap":{},"s":{"0":10},"f":{},"b":{},"_coverageSchema":"1a1c01bbd47fc00a2c39e90264f33305004495a9","hash":"f354e3707de9b72e87ae68a609279e93c01b83eb"}
,"/home/caique/Documentos/projects/sd-023-a-project-recipes-app/src/context/RecipesProvider.jsx": {"path":"/home/caique/Documentos/projects/sd-023-a-project-recipes-app/src/context/RecipesProvider.jsx","statementMap":{"0":{"start":{"line":13,"column":38},"end":{"line":13,"column":50}},"1":{"start":{"line":14,"column":32},"end":{"line":14,"column":44}},"2":{"start":{"line":15,"column":30},"end":{"line":15,"column":42}},"3":{"start":{"line":19,"column":6},"end":{"line":19,"column":41}},"4":{"start":{"line":20,"column":30},"end":{"line":20,"column":45}},"5":{"start":{"line":23,"column":23},"end":{"line":26,"column":3}},"6":{"start":{"line":24,"column":20},"end":{"line":24,"column":48}},"7":{"start":{"line":25,"column":4},"end":{"line":25,"column":81}},"8":{"start":{"line":25,"column":32},"end":{"line":25,"column":81}},"9":{"start":{"line":25,"column":68},"end":{"line":25,"column":78}},"10":{"start":{"line":29,"column":23},"end":{"line":42,"column":3}},"11":{"start":{"line":31,"column":23},"end":{"line":31,"column":29}},"12":{"start":{"line":32,"column":17},"end":{"line":32,"column":54}},"13":{"start":{"line":33,"column":4},"end":{"line":41,"column":6}},"14":{"start":{"line":45,"column":32},"end":{"line":49,"column":3}},"15":{"start":{"line":46,"column":4},"end":{"line":46,"column":41}},"16":{"start":{"line":47,"column":31},"end":{"line":47,"column":56}},"17":{"start":{"line":48,"column":4},"end":{"line":48,"column":43}},"18":{"start":{"line":51,"column":18},"end":{"line":64,"column":3}},"19":{"start":{"line":66,"column":2},"end":{"line":70,"column":4}},"20":{"start":{"line":73,"column":0},"end":{"line":75,"column":2}}},"fnMap":{"0":{"name":"RecipesProvider","decl":{"start":{"line":12,"column":24},"end":{"line":12,"column":39}},"loc":{"start":{"line":12,"column":54},"end":{"line":71,"column":1}},"line":12},"1":{"name":"(anonymous_1)","decl":{"start":{"line":23,"column":23},"end":{"line":23,"column":24}},"loc":{"start":{"line":23,"column":39},"end":{"line":26,"column":3}},"line":23},"2":{"name":"(anonymous_2)","decl":{"start":{"line":25,"column":58},"end":{"line":25,"column":59}},"loc":{"start":{"line":25,"column":68},"end":{"line":25,"column":78}},"line":25},"3":{"name":"(anonymous_3)","decl":{"start":{"line":29,"column":23},"end":{"line":29,"column":24}},"loc":{"start":{"line":29,"column":29},"end":{"line":42,"column":3}},"line":29},"4":{"name":"(anonymous_4)","decl":{"start":{"line":45,"column":32},"end":{"line":45,"column":33}},"loc":{"start":{"line":45,"column":38},"end":{"line":49,"column":3}},"line":45}},"branchMap":{"0":{"loc":{"start":{"line":25,"column":4},"end":{"line":25,"column":81}},"type":"if","locations":[{"start":{"line":25,"column":4},"end":{"line":25,"column":81}},{"start":{},"end":{}}],"line":25},"1":{"loc":{"start":{"line":32,"column":17},"end":{"line":32,"column":54}},"type":"cond-expr","locations":[{"start":{"line":32,"column":38},"end":{"line":32,"column":44}},{"start":{"line":32,"column":47},"end":{"line":32,"column":54}}],"line":32}},"s":{"0":60,"1":60,"2":60,"3":60,"4":60,"5":60,"6":40,"7":40,"8":40,"9":952,"10":60,"11":3,"12":3,"13":3,"14":60,"15":3,"16":3,"17":3,"18":60,"19":60,"20":10},"f":{"0":60,"1":40,"2":952,"3":3,"4":3},"b":{"0":[40,0],"1":[3,0]},"_coverageSchema":"1a1c01bbd47fc00a2c39e90264f33305004495a9","hash":"01ff447db3fbeaa2a9367122c882509c30605962"}
,"/home/caique/Documentos/projects/sd-023-a-project-recipes-app/src/helpers/index.js": {"path":"/home/caique/Documentos/projects/sd-023-a-project-recipes-app/src/helpers/index.js","statementMap":{"0":{"start":{"line":2,"column":25},"end":{"line":10,"column":1}},"1":{"start":{"line":3,"column":2},"end":{"line":9,"column":3}},"2":{"start":{"line":4,"column":17},"end":{"line":4,"column":57}},"3":{"start":{"line":5,"column":18},"end":{"line":5,"column":59}},"4":{"start":{"line":6,"column":19},"end":{"line":6,"column":62}},"5":{"start":{"line":7,"column":24},"end":{"line":7,"column":72}},"6":{"start":{"line":8,"column":11},"end":{"line":8,"column":63}},"7":{"start":{"line":12,"column":15},"end":{"line":12,"column":17}},"8":{"start":{"line":13,"column":13},"end":{"line":13,"column":14}},"9":{"start":{"line":14,"column":12},"end":{"line":14,"column":13}},"10":{"start":{"line":17,"column":25},"end":{"line":17,"column":66}},"11":{"start":{"line":18,"column":26},"end":{"line":18,"column":71}},"12":{"start":{"line":21,"column":27},"end":{"line":27,"column":1}},"13":{"start":{"line":22,"column":2},"end":{"line":26,"column":3}},"14":{"start":{"line":23,"column":21},"end":{"line":23,"column":54}},"15":{"start":{"line":24,"column":15},"end":{"line":24,"column":48}},"16":{"start":{"line":25,"column":11},"end":{"line":25,"column":44}},"17":{"start":{"line":30,"column":24},"end":{"line":35,"column":1}},"18":{"start":{"line":31,"column":2},"end":{"line":33,"column":3}},"19":{"start":{"line":32,"column":4},"end":{"line":32,"column":70}},"20":{"start":{"line":34,"column":2},"end":{"line":34,"column":69}},"21":{"start":{"line":38,"column":25},"end":{"line":76,"column":1}},"22":{"start":{"line":40,"column":24},"end":{"line":40,"column":74}},"23":{"start":{"line":40,"column":65},"end":{"line":40,"column":73}},"24":{"start":{"line":43,"column":17},"end":{"line":44,"column":22}},"25":{"start":{"line":43,"column":47},"end":{"line":44,"column":21}},"26":{"start":{"line":46,"column":22},"end":{"line":47,"column":76}},"27":{"start":{"line":47,"column":23},"end":{"line":47,"column":54}},"28":{"start":{"line":47,"column":69},"end":{"line":47,"column":75}},"29":{"start":{"line":49,"column":19},"end":{"line":50,"column":73}},"30":{"start":{"line":50,"column":23},"end":{"line":50,"column":51}},"31":{"start":{"line":50,"column":66},"end":{"line":50,"column":72}},"32":{"start":{"line":52,"column":13},"end":{"line":52,"column":52}},"33":{"start":{"line":53,"column":15},"end":{"line":53,"column":56}},"34":{"start":{"line":54,"column":16},"end":{"line":54,"column":67}},"35":{"start":{"line":55,"column":16},"end":{"line":55,"column":47}},"36":{"start":{"line":56,"column":19},"end":{"line":56,"column":37}},"37":{"start":{"line":57,"column":23},"end":{"line":57,"column":45}},"38":{"start":{"line":58,"column":25},"end":{"line":58,"column":58}},"39":{"start":{"line":59,"column":22},"end":{"line":59,"column":50}},"40":{"start":{"line":60,"column":18},"end":{"line":61,"column":36}},"41":{"start":{"line":63,"column":2},"end":{"line":75,"column":4}},"42":{"start":{"line":78,"column":25},"end":{"line":78,"column":67}},"43":{"start":{"line":78,"column":34},"end":{"line":78,"column":67}},"44":{"start":{"line":78,"column":57},"end":{"line":78,"column":66}},"45":{"start":{"line":81,"column":25},"end":{"line":86,"column":1}},"46":{"start":{"line":82,"column":17},"end":{"line":82,"column":39}},"47":{"start":{"line":83,"column":18},"end":{"line":83,"column":49}},"48":{"start":{"line":84,"column":17},"end":{"line":84,"column":58}},"49":{"start":{"line":85,"column":2},"end":{"line":85,"column":52}}},"fnMap":{"0":{"name":"(anonymous_0)","decl":{"start":{"line":2,"column":25},"end":{"line":2,"column":26}},"loc":{"start":{"line":2,"column":35},"end":{"line":10,"column":1}},"line":2},"1":{"name":"(anonymous_1)","decl":{"start":{"line":21,"column":27},"end":{"line":21,"column":28}},"loc":{"start":{"line":21,"column":47},"end":{"line":27,"column":1}},"line":21},"2":{"name":"(anonymous_2)","decl":{"start":{"line":30,"column":24},"end":{"line":30,"column":25}},"loc":{"start":{"line":30,"column":50},"end":{"line":35,"column":1}},"line":30},"3":{"name":"(anonymous_3)","decl":{"start":{"line":38,"column":25},"end":{"line":38,"column":26}},"loc":{"start":{"line":38,"column":37},"end":{"line":76,"column":1}},"line":38},"4":{"name":"(anonymous_4)","decl":{"start":{"line":40,"column":54},"end":{"line":40,"column":55}},"loc":{"start":{"line":40,"column":65},"end":{"line":40,"column":73}},"line":40},"5":{"name":"(anonymous_5)","decl":{"start":{"line":43,"column":36},"end":{"line":43,"column":37}},"loc":{"start":{"line":43,"column":47},"end":{"line":44,"column":21}},"line":43},"6":{"name":"(anonymous_6)","decl":{"start":{"line":47,"column":12},"end":{"line":47,"column":13}},"loc":{"start":{"line":47,"column":23},"end":{"line":47,"column":54}},"line":47},"7":{"name":"(anonymous_7)","decl":{"start":{"line":47,"column":60},"end":{"line":47,"column":61}},"loc":{"start":{"line":47,"column":69},"end":{"line":47,"column":75}},"line":47},"8":{"name":"(anonymous_8)","decl":{"start":{"line":50,"column":12},"end":{"line":50,"column":13}},"loc":{"start":{"line":50,"column":23},"end":{"line":50,"column":51}},"line":50},"9":{"name":"(anonymous_9)","decl":{"start":{"line":50,"column":57},"end":{"line":50,"column":58}},"loc":{"start":{"line":50,"column":66},"end":{"line":50,"column":72}},"line":50},"10":{"name":"(anonymous_10)","decl":{"start":{"line":78,"column":25},"end":{"line":78,"column":26}},"loc":{"start":{"line":78,"column":34},"end":{"line":78,"column":67}},"line":78},"11":{"name":"(anonymous_11)","decl":{"start":{"line":78,"column":45},"end":{"line":78,"column":46}},"loc":{"start":{"line":78,"column":57},"end":{"line":78,"column":66}},"line":78},"12":{"name":"(anonymous_12)","decl":{"start":{"line":81,"column":25},"end":{"line":81,"column":26}},"loc":{"start":{"line":81,"column":40},"end":{"line":86,"column":1}},"line":81}},"branchMap":{"0":{"loc":{"start":{"line":3,"column":2},"end":{"line":9,"column":3}},"type":"switch","locations":[{"start":{"line":4,"column":2},"end":{"line":4,"column":57}},{"start":{"line":5,"column":2},"end":{"line":5,"column":59}},{"start":{"line":6,"column":2},"end":{"line":6,"column":62}},{"start":{"line":7,"column":2},"end":{"line":7,"column":72}},{"start":{"line":8,"column":2},"end":{"line":8,"column":63}}],"line":3},"1":{"loc":{"start":{"line":22,"column":2},"end":{"line":26,"column":3}},"type":"switch","locations":[{"start":{"line":23,"column":2},"end":{"line":23,"column":54}},{"start":{"line":24,"column":2},"end":{"line":24,"column":48}},{"start":{"line":25,"column":2},"end":{"line":25,"column":44}}],"line":22},"2":{"loc":{"start":{"line":31,"column":2},"end":{"line":33,"column":3}},"type":"if","locations":[{"start":{"line":31,"column":2},"end":{"line":33,"column":3}},{"start":{},"end":{}}],"line":31},"3":{"loc":{"start":{"line":52,"column":13},"end":{"line":52,"column":52}},"type":"cond-expr","locations":[{"start":{"line":52,"column":22},"end":{"line":52,"column":35}},{"start":{"line":52,"column":38},"end":{"line":52,"column":52}}],"line":52},"4":{"loc":{"start":{"line":53,"column":15},"end":{"line":53,"column":56}},"type":"cond-expr","locations":[{"start":{"line":53,"column":24},"end":{"line":53,"column":38}},{"start":{"line":53,"column":41},"end":{"line":53,"column":56}}],"line":53},"5":{"loc":{"start":{"line":54,"column":16},"end":{"line":54,"column":67}},"type":"cond-expr","locations":[{"start":{"line":54,"column":25},"end":{"line":54,"column":44}},{"start":{"line":54,"column":47},"end":{"line":54,"column":67}}],"line":54},"6":{"loc":{"start":{"line":55,"column":16},"end":{"line":55,"column":47}},"type":"cond-expr","locations":[{"start":{"line":55,"column":25},"end":{"line":55,"column":42}},{"start":{"line":55,"column":45},"end":{"line":55,"column":47}}],"line":55},"7":{"loc":{"start":{"line":58,"column":25},"end":{"line":58,"column":58}},"type":"cond-expr","locations":[{"start":{"line":58,"column":34},"end":{"line":58,"column":36}},{"start":{"line":58,"column":39},"end":{"line":58,"column":58}}],"line":58},"8":{"loc":{"start":{"line":59,"column":22},"end":{"line":59,"column":50}},"type":"cond-expr","locations":[{"start":{"line":59,"column":31},"end":{"line":59,"column":45}},{"start":{"line":59,"column":48},"end":{"line":59,"column":50}}],"line":59},"9":{"loc":{"start":{"line":60,"column":18},"end":{"line":61,"column":36}},"type":"cond-expr","locations":[{"start":{"line":61,"column":6},"end":{"line":61,"column":31}},{"start":{"line":61,"column":34},"end":{"line":61,"column":36}}],"line":60},"10":{"loc":{"start":{"line":83,"column":18},"end":{"line":83,"column":49}},"type":"cond-expr","locations":[{"start":{"line":83,"column":27},"end":{"line":83,"column":37}},{"start":{"line":83,"column":40},"end":{"line":83,"column":49}}],"line":83},"11":{"loc":{"start":{"line":84,"column":17},"end":{"line":84,"column":58}},"type":"cond-expr","locations":[{"start":{"line":84,"column":26},"end":{"line":84,"column":41}},{"start":{"line":84,"column":44},"end":{"line":84,"column":58}}],"line":84}},"s":{"0":10,"1":59,"2":35,"3":5,"4":7,"5":5,"6":7,"7":10,"8":10,"9":10,"10":10,"11":10,"12":10,"13":6,"14":2,"15":1,"16":3,"17":10,"18":6,"19":5,"20":1,"21":10,"22":10,"23":468,"24":10,"25":49,"26":10,"27":189,"28":57,"29":10,"30":189,"31":57,"32":10,"33":10,"34":10,"35":10,"36":10,"37":10,"38":10,"39":10,"40":10,"41":10,"42":10,"43":5,"44":100,"45":10,"46":6,"47":6,"48":6,"49":6},"f":{"0":59,"1":6,"2":6,"3":10,"4":468,"5":49,"6":189,"7":57,"8":189,"9":57,"10":5,"11":100,"12":6},"b":{"0":[35,5,7,5,7],"1":[2,1,3],"2":[5,1],"3":[7,3],"4":[7,3],"5":[7,3],"6":[7,3],"7":[7,3],"8":[7,3],"9":[6,4],"10":[0,6],"11":[0,6]},"_coverageSchema":"1a1c01bbd47fc00a2c39e90264f33305004495a9","hash":"dc80d022b3892deda09f57844f2dbb3f8867523c"}
,"/home/caique/Documentos/projects/sd-023-a-project-recipes-app/src/pages/DoneRecipes.jsx": {"path":"/home/caique/Documentos/projects/sd-023-a-project-recipes-app/src/pages/DoneRecipes.jsx","statementMap":{"0":{"start":{"line":10,"column":22},"end":{"line":10,"column":43}},"1":{"start":{"line":11,"column":21},"end":{"line":11,"column":47}},"2":{"start":{"line":14,"column":26},"end":{"line":15,"column":62}},"3":{"start":{"line":15,"column":26},"end":{"line":15,"column":61}},"4":{"start":{"line":17,"column":2},"end":{"line":23,"column":4}}},"fnMap":{"0":{"name":"DoneRecipes","decl":{"start":{"line":9,"column":9},"end":{"line":9,"column":20}},"loc":{"start":{"line":9,"column":23},"end":{"line":24,"column":1}},"line":9},"1":{"name":"(anonymous_1)","decl":{"start":{"line":15,"column":12},"end":{"line":15,"column":13}},"loc":{"start":{"line":15,"column":26},"end":{"line":15,"column":61}},"line":15}},"branchMap":{"0":{"loc":{"start":{"line":15,"column":26},"end":{"line":15,"column":61}},"type":"binary-expr","locations":[{"start":{"line":15,"column":26},"end":{"line":15,"column":42}},{"start":{"line":15,"column":46},"end":{"line":15,"column":61}}],"line":15}},"s":{"0":5,"1":5,"2":5,"3":4,"4":5},"f":{"0":5,"1":4},"b":{"0":[4,2]},"_coverageSchema":"1a1c01bbd47fc00a2c39e90264f33305004495a9","hash":"b7daa726760dc24d2ab132cbc7f7314b1be8e38b"}
,"/home/caique/Documentos/projects/sd-023-a-project-recipes-app/src/pages/FavoriteRecipes.jsx": {"path":"/home/caique/Documentos/projects/sd-023-a-project-recipes-app/src/pages/FavoriteRecipes.jsx","statementMap":{"0":{"start":{"line":9,"column":26},"end":{"line":9,"column":51}},"1":{"start":{"line":10,"column":21},"end":{"line":10,"column":47}},"2":{"start":{"line":13,"column":26},"end":{"line":14,"column":62}},"3":{"start":{"line":14,"column":26},"end":{"line":14,"column":61}},"4":{"start":{"line":16,"column":2},"end":{"line":22,"column":4}}},"fnMap":{"0":{"name":"FavoriteRecipes","decl":{"start":{"line":8,"column":9},"end":{"line":8,"column":24}},"loc":{"start":{"line":8,"column":27},"end":{"line":23,"column":1}},"line":8},"1":{"name":"(anonymous_1)","decl":{"start":{"line":14,"column":12},"end":{"line":14,"column":13}},"loc":{"start":{"line":14,"column":26},"end":{"line":14,"column":61}},"line":14}},"branchMap":{"0":{"loc":{"start":{"line":14,"column":26},"end":{"line":14,"column":61}},"type":"binary-expr","locations":[{"start":{"line":14,"column":26},"end":{"line":14,"column":42}},{"start":{"line":14,"column":46},"end":{"line":14,"column":61}}],"line":14}},"s":{"0":7,"1":7,"2":7,"3":5,"4":7},"f":{"0":7,"1":5},"b":{"0":[5,3]},"_coverageSchema":"1a1c01bbd47fc00a2c39e90264f33305004495a9","hash":"295c0158c5cf6cc5bc15dbf8b2aa4772be5e1beb"}
,"/home/caique/Documentos/projects/sd-023-a-project-recipes-app/src/pages/Login.jsx": {"path":"/home/caique/Documentos/projects/sd-023-a-project-recipes-app/src/pages/Login.jsx","statementMap":{"0":{"start":{"line":7,"column":26},"end":{"line":10,"column":4}},"1":{"start":{"line":12,"column":21},"end":{"line":14,"column":3}},"2":{"start":{"line":13,"column":4},"end":{"line":13,"column":60}},"3":{"start":{"line":13,"column":27},"end":{"line":13,"column":57}},"4":{"start":{"line":16,"column":21},"end":{"line":16,"column":36}},"5":{"start":{"line":17,"column":20},"end":{"line":17,"column":21}},"6":{"start":{"line":19,"column":23},"end":{"line":19,"column":50}},"7":{"start":{"line":20,"column":26},"end":{"line":20,"column":58}},"8":{"start":{"line":21,"column":22},"end":{"line":21,"column":53}},"9":{"start":{"line":24,"column":30},"end":{"line":28,"column":3}},"10":{"start":{"line":25,"column":4},"end":{"line":25,"column":23}},"11":{"start":{"line":26,"column":4},"end":{"line":26,"column":30}},"12":{"start":{"line":27,"column":4},"end":{"line":27,"column":27}},"13":{"start":{"line":30,"column":2},"end":{"line":65,"column":4}},"14":{"start":{"line":41,"column":30},"end":{"line":41,"column":43}},"15":{"start":{"line":52,"column":30},"end":{"line":52,"column":43}},"16":{"start":{"line":58,"column":27},"end":{"line":58,"column":49}},"17":{"start":{"line":68,"column":0},"end":{"line":72,"column":2}}},"fnMap":{"0":{"name":"Login","decl":{"start":{"line":6,"column":9},"end":{"line":6,"column":14}},"loc":{"start":{"line":6,"column":28},"end":{"line":66,"column":1}},"line":6},"1":{"name":"(anonymous_1)","decl":{"start":{"line":12,"column":21},"end":{"line":12,"column":22}},"loc":{"start":{"line":12,"column":54},"end":{"line":14,"column":3}},"line":12},"2":{"name":"(anonymous_2)","decl":{"start":{"line":13,"column":12},"end":{"line":13,"column":13}},"loc":{"start":{"line":13,"column":27},"end":{"line":13,"column":57}},"line":13},"3":{"name":"(anonymous_3)","decl":{"start":{"line":24,"column":30},"end":{"line":24,"column":31}},"loc":{"start":{"line":24,"column":37},"end":{"line":28,"column":3}},"line":24},"4":{"name":"(anonymous_4)","decl":{"start":{"line":41,"column":23},"end":{"line":41,"column":24}},"loc":{"start":{"line":41,"column":30},"end":{"line":41,"column":43}},"line":41},"5":{"name":"(anonymous_5)","decl":{"start":{"line":52,"column":23},"end":{"line":52,"column":24}},"loc":{"start":{"line":52,"column":30},"end":{"line":52,"column":43}},"line":52},"6":{"name":"(anonymous_6)","decl":{"start":{"line":58,"column":20},"end":{"line":58,"column":21}},"loc":{"start":{"line":58,"column":27},"end":{"line":58,"column":49}},"line":58}},"branchMap":{"0":{"loc":{"start":{"line":21,"column":22},"end":{"line":21,"column":53}},"type":"binary-expr","locations":[{"start":{"line":21,"column":22},"end":{"line":21,"column":34}},{"start":{"line":21,"column":38},"end":{"line":21,"column":53}}],"line":21}},"s":{"0":71,"1":71,"2":68,"3":68,"4":71,"5":71,"6":71,"7":71,"8":71,"9":71,"10":1,"11":1,"12":1,"13":71,"14":48,"15":20,"16":1,"17":10},"f":{"0":71,"1":68,"2":68,"3":1,"4":48,"5":20,"6":1},"b":{"0":[71,20]},"_coverageSchema":"1a1c01bbd47fc00a2c39e90264f33305004495a9","hash":"7bdbcb60cfa8a76e43e922da4485e1f8ee9aa39a"}
,"/home/caique/Documentos/projects/sd-023-a-project-recipes-app/src/pages/Profile.jsx": {"path":"/home/caique/Documentos/projects/sd-023-a-project-recipes-app/src/pages/Profile.jsx","statementMap":{"0":{"start":{"line":7,"column":18},"end":{"line":7,"column":30}},"1":{"start":{"line":8,"column":20},"end":{"line":8,"column":66}},"2":{"start":{"line":10,"column":19},"end":{"line":12,"column":3}},"3":{"start":{"line":11,"column":4},"end":{"line":11,"column":27}},"4":{"start":{"line":14,"column":23},"end":{"line":17,"column":3}},"5":{"start":{"line":15,"column":4},"end":{"line":15,"column":25}},"6":{"start":{"line":16,"column":4},"end":{"line":16,"column":18}},"7":{"start":{"line":18,"column":2},"end":{"line":51,"column":4}},"8":{"start":{"line":27,"column":26},"end":{"line":27,"column":51}},"9":{"start":{"line":35,"column":26},"end":{"line":35,"column":55}}},"fnMap":{"0":{"name":"Profile","decl":{"start":{"line":6,"column":9},"end":{"line":6,"column":16}},"loc":{"start":{"line":6,"column":19},"end":{"line":52,"column":1}},"line":6},"1":{"name":"(anonymous_1)","decl":{"start":{"line":10,"column":19},"end":{"line":10,"column":20}},"loc":{"start":{"line":10,"column":33},"end":{"line":12,"column":3}},"line":10},"2":{"name":"(anonymous_2)","decl":{"start":{"line":14,"column":23},"end":{"line":14,"column":24}},"loc":{"start":{"line":14,"column":29},"end":{"line":17,"column":3}},"line":14},"3":{"name":"(anonymous_3)","decl":{"start":{"line":27,"column":20},"end":{"line":27,"column":21}},"loc":{"start":{"line":27,"column":26},"end":{"line":27,"column":51}},"line":27},"4":{"name":"(anonymous_4)","decl":{"start":{"line":35,"column":20},"end":{"line":35,"column":21}},"loc":{"start":{"line":35,"column":26},"end":{"line":35,"column":55}},"line":35}},"branchMap":{"0":{"loc":{"start":{"line":8,"column":20},"end":{"line":8,"column":66}},"type":"binary-expr","locations":[{"start":{"line":8,"column":20},"end":{"line":8,"column":60}},{"start":{"line":8,"column":64},"end":{"line":8,"column":66}}],"line":8}},"s":{"0":7,"1":7,"2":7,"3":3,"4":7,"5":1,"6":1,"7":7,"8":1,"9":1},"f":{"0":7,"1":3,"2":1,"3":1,"4":1},"b":{"0":[7,7]},"_coverageSchema":"1a1c01bbd47fc00a2c39e90264f33305004495a9","hash":"998b7d15a3359d18b11788e1819918d6bde7a2fe"}
,"/home/caique/Documentos/projects/sd-023-a-project-recipes-app/src/pages/RecipeDetails.jsx": {"path":"/home/caique/Documentos/projects/sd-023-a-project-recipes-app/src/pages/RecipeDetails.jsx","statementMap":{"0":{"start":{"line":16,"column":18},"end":{"line":16,"column":30}},"1":{"start":{"line":17,"column":37},"end":{"line":17,"column":44}},"2":{"start":{"line":18,"column":17},"end":{"line":18,"column":28}},"3":{"start":{"line":19,"column":32},"end":{"line":19,"column":58}},"4":{"start":{"line":20,"column":38},"end":{"line":20,"column":50}},"5":{"start":{"line":21,"column":30},"end":{"line":21,"column":45}},"6":{"start":{"line":22,"column":42},"end":{"line":22,"column":57}},"7":{"start":{"line":25,"column":27},"end":{"line":28,"column":3}},"8":{"start":{"line":26,"column":24},"end":{"line":26,"column":45}},"9":{"start":{"line":27,"column":4},"end":{"line":27,"column":58}},"10":{"start":{"line":27,"column":41},"end":{"line":27,"column":55}},"11":{"start":{"line":31,"column":31},"end":{"line":35,"column":3}},"12":{"start":{"line":32,"column":23},"end":{"line":32,"column":44}},"13":{"start":{"line":33,"column":21},"end":{"line":33,"column":68}},"14":{"start":{"line":34,"column":4},"end":{"line":34,"column":68}},"15":{"start":{"line":38,"column":29},"end":{"line":41,"column":3}},"16":{"start":{"line":39,"column":22},"end":{"line":39,"column":57}},"17":{"start":{"line":40,"column":4},"end":{"line":40,"column":46}},"18":{"start":{"line":44,"column":27},"end":{"line":46,"column":3}},"19":{"start":{"line":45,"column":4},"end":{"line":45,"column":51}},"20":{"start":{"line":48,"column":2},"end":{"line":53,"column":9}},"21":{"start":{"line":49,"column":4},"end":{"line":49,"column":25}},"22":{"start":{"line":50,"column":4},"end":{"line":50,"column":23}},"23":{"start":{"line":51,"column":4},"end":{"line":51,"column":23}},"24":{"start":{"line":52,"column":4},"end":{"line":52,"column":27}},"25":{"start":{"line":55,"column":2},"end":{"line":81,"column":4}},"26":{"start":{"line":72,"column":28},"end":{"line":72,"column":67}}},"fnMap":{"0":{"name":"RecipeDetails","decl":{"start":{"line":15,"column":9},"end":{"line":15,"column":22}},"loc":{"start":{"line":15,"column":25},"end":{"line":82,"column":1}},"line":15},"1":{"name":"(anonymous_1)","decl":{"start":{"line":25,"column":27},"end":{"line":25,"column":28}},"loc":{"start":{"line":25,"column":33},"end":{"line":28,"column":3}},"line":25},"2":{"name":"(anonymous_2)","decl":{"start":{"line":27,"column":31},"end":{"line":27,"column":32}},"loc":{"start":{"line":27,"column":41},"end":{"line":27,"column":55}},"line":27},"3":{"name":"(anonymous_3)","decl":{"start":{"line":31,"column":31},"end":{"line":31,"column":32}},"loc":{"start":{"line":31,"column":37},"end":{"line":35,"column":3}},"line":31},"4":{"name":"(anonymous_4)","decl":{"start":{"line":38,"column":29},"end":{"line":38,"column":30}},"loc":{"start":{"line":38,"column":41},"end":{"line":41,"column":3}},"line":38},"5":{"name":"(anonymous_5)","decl":{"start":{"line":44,"column":27},"end":{"line":44,"column":28}},"loc":{"start":{"line":44,"column":39},"end":{"line":46,"column":3}},"line":44},"6":{"name":"(anonymous_6)","decl":{"start":{"line":48,"column":12},"end":{"line":48,"column":13}},"loc":{"start":{"line":48,"column":18},"end":{"line":53,"column":3}},"line":48},"7":{"name":"(anonymous_7)","decl":{"start":{"line":72,"column":22},"end":{"line":72,"column":23}},"loc":{"start":{"line":72,"column":28},"end":{"line":72,"column":67}},"line":72}},"branchMap":{"0":{"loc":{"start":{"line":33,"column":21},"end":{"line":33,"column":68}},"type":"cond-expr","locations":[{"start":{"line":33,"column":50},"end":{"line":33,"column":57}},{"start":{"line":33,"column":60},"end":{"line":33,"column":68}}],"line":33},"1":{"loc":{"start":{"line":59,"column":8},"end":{"line":61,"column":9}},"type":"binary-expr","locations":[{"start":{"line":59,"column":8},"end":{"line":59,"column":34}},{"start":{"line":60,"column":10},"end":{"line":60,"column":49}}],"line":59},"2":{"loc":{"start":{"line":64,"column":8},"end":{"line":66,"column":9}},"type":"binary-expr","locations":[{"start":{"line":64,"column":8},"end":{"line":64,"column":18}},{"start":{"line":65,"column":10},"end":{"line":65,"column":54}}],"line":64},"3":{"loc":{"start":{"line":69,"column":8},"end":{"line":78,"column":9}},"type":"binary-expr","locations":[{"start":{"line":69,"column":8},"end":{"line":69,"column":15}},{"start":{"line":70,"column":10},"end":{"line":77,"column":19}}],"line":69},"4":{"loc":{"start":{"line":76,"column":14},"end":{"line":76,"column":63}},"type":"cond-expr","locations":[{"start":{"line":76,"column":29},"end":{"line":76,"column":46}},{"start":{"line":76,"column":49},"end":{"line":76,"column":63}}],"line":76}},"s":{"0":11,"1":10,"2":10,"3":10,"4":10,"5":10,"6":10,"7":10,"8":5,"9":5,"10":0,"11":10,"12":5,"13":5,"14":5,"15":10,"16":5,"17":5,"18":10,"19":5,"20":10,"21":5,"22":5,"23":5,"24":5,"25":10,"26":1},"f":{"0":11,"1":5,"2":0,"3":5,"4":5,"5":5,"6":5,"7":1},"b":{"0":[2,3],"1":[10,1],"2":[10,10],"3":[10,10],"4":[1,9]},"_coverageSchema":"1a1c01bbd47fc00a2c39e90264f33305004495a9","hash":"afec237510a2127d2b77bee1a1ae5ece4d2ebbe7"}
,"/home/caique/Documentos/projects/sd-023-a-project-recipes-app/src/pages/RecipeInProgress.jsx": {"path":"/home/caique/Documentos/projects/sd-023-a-project-recipes-app/src/pages/RecipeInProgress.jsx","statementMap":{"0":{"start":{"line":10,"column":37},"end":{"line":10,"column":49}},"1":{"start":{"line":11,"column":17},"end":{"line":11,"column":28}},"2":{"start":{"line":12,"column":32},"end":{"line":12,"column":58}},"3":{"start":{"line":15,"column":29},"end":{"line":18,"column":3}},"4":{"start":{"line":16,"column":22},"end":{"line":16,"column":57}},"5":{"start":{"line":17,"column":4},"end":{"line":17,"column":46}},"6":{"start":{"line":20,"column":2},"end":{"line":22,"column":9}},"7":{"start":{"line":21,"column":4},"end":{"line":21,"column":25}},"8":{"start":{"line":24,"column":2},"end":{"line":32,"column":4}}},"fnMap":{"0":{"name":"RecipeInProgress","decl":{"start":{"line":9,"column":9},"end":{"line":9,"column":25}},"loc":{"start":{"line":9,"column":28},"end":{"line":33,"column":1}},"line":9},"1":{"name":"(anonymous_1)","decl":{"start":{"line":15,"column":29},"end":{"line":15,"column":30}},"loc":{"start":{"line":15,"column":41},"end":{"line":18,"column":3}},"line":15},"2":{"name":"(anonymous_2)","decl":{"start":{"line":20,"column":12},"end":{"line":20,"column":13}},"loc":{"start":{"line":20,"column":18},"end":{"line":22,"column":3}},"line":20}},"branchMap":{"0":{"loc":{"start":{"line":27,"column":8},"end":{"line":28,"column":55}},"type":"binary-expr","locations":[{"start":{"line":27,"column":8},"end":{"line":27,"column":34}},{"start":{"line":28,"column":13},"end":{"line":28,"column":55}}],"line":27}},"s":{"0":9,"1":9,"2":9,"3":9,"4":5,"5":5,"6":9,"7":5,"8":9},"f":{"0":9,"1":5,"2":5},"b":{"0":[9,3]},"_coverageSchema":"1a1c01bbd47fc00a2c39e90264f33305004495a9","hash":"53f893d800a33de74dab430303ae7bbf22422183"}
,"/home/caique/Documentos/projects/sd-023-a-project-recipes-app/src/pages/Recipes.jsx": {"path":"/home/caique/Documentos/projects/sd-023-a-project-recipes-app/src/pages/Recipes.jsx","statementMap":{"0":{"start":{"line":16,"column":6},"end":{"line":16,"column":32}},"1":{"start":{"line":17,"column":18},"end":{"line":17,"column":30}},"2":{"start":{"line":18,"column":37},"end":{"line":18,"column":44}},"3":{"start":{"line":20,"column":17},"end":{"line":20,"column":19}},"4":{"start":{"line":23,"column":24},"end":{"line":35,"column":3}},"5":{"start":{"line":24,"column":20},"end":{"line":24,"column":49}},"6":{"start":{"line":25,"column":20},"end":{"line":25,"column":69}},"7":{"start":{"line":26,"column":4},"end":{"line":34,"column":5}},"8":{"start":{"line":27,"column":6},"end":{"line":27,"column":78}},"9":{"start":{"line":28,"column":11},"end":{"line":34,"column":5}},"10":{"start":{"line":29,"column":23},"end":{"line":30,"column":48}},"11":{"start":{"line":31,"column":6},"end":{"line":31,"column":46}},"12":{"start":{"line":33,"column":6},"end":{"line":33,"column":59}},"13":{"start":{"line":33,"column":44},"end":{"line":33,"column":56}},"14":{"start":{"line":38,"column":2},"end":{"line":40,"column":19}},"15":{"start":{"line":39,"column":4},"end":{"line":39,"column":43}},"16":{"start":{"line":39,"column":27},"end":{"line":39,"column":43}},"17":{"start":{"line":43,"column":2},"end":{"line":47,"column":9}},"18":{"start":{"line":44,"column":4},"end":{"line":44,"column":27}},"19":{"start":{"line":46,"column":4},"end":{"line":46,"column":32}},"20":{"start":{"line":46,"column":17},"end":{"line":46,"column":31}},"21":{"start":{"line":50,"column":2},"end":{"line":52,"column":17}},"22":{"start":{"line":51,"column":4},"end":{"line":51,"column":27}},"23":{"start":{"line":54,"column":2},"end":{"line":65,"column":4}}},"fnMap":{"0":{"name":"Recipes","decl":{"start":{"line":10,"column":9},"end":{"line":10,"column":16}},"loc":{"start":{"line":10,"column":19},"end":{"line":66,"column":1}},"line":10},"1":{"name":"(anonymous_1)","decl":{"start":{"line":23,"column":24},"end":{"line":23,"column":25}},"loc":{"start":{"line":23,"column":36},"end":{"line":35,"column":3}},"line":23},"2":{"name":"(anonymous_2)","decl":{"start":{"line":33,"column":32},"end":{"line":33,"column":33}},"loc":{"start":{"line":33,"column":44},"end":{"line":33,"column":56}},"line":33},"3":{"name":"(anonymous_3)","decl":{"start":{"line":38,"column":12},"end":{"line":38,"column":13}},"loc":{"start":{"line":38,"column":18},"end":{"line":40,"column":3}},"line":38},"4":{"name":"(anonymous_4)","decl":{"start":{"line":43,"column":12},"end":{"line":43,"column":13}},"loc":{"start":{"line":43,"column":18},"end":{"line":47,"column":3}},"line":43},"5":{"name":"(anonymous_5)","decl":{"start":{"line":46,"column":11},"end":{"line":46,"column":12}},"loc":{"start":{"line":46,"column":17},"end":{"line":46,"column":31}},"line":46},"6":{"name":"(anonymous_6)","decl":{"start":{"line":50,"column":12},"end":{"line":50,"column":13}},"loc":{"start":{"line":50,"column":18},"end":{"line":52,"column":3}},"line":50}},"branchMap":{"0":{"loc":{"start":{"line":25,"column":20},"end":{"line":25,"column":69}},"type":"cond-expr","locations":[{"start":{"line":25,"column":30},"end":{"line":25,"column":64}},{"start":{"line":25,"column":67},"end":{"line":25,"column":69}}],"line":25},"1":{"loc":{"start":{"line":26,"column":4},"end":{"line":34,"column":5}},"type":"if","locations":[{"start":{"line":26,"column":4},"end":{"line":34,"column":5}},{"start":{"line":28,"column":11},"end":{"line":34,"column":5}}],"line":26},"2":{"loc":{"start":{"line":28,"column":11},"end":{"line":34,"column":5}},"type":"if","locations":[{"start":{"line":28,"column":11},"end":{"line":34,"column":5}},{"start":{"line":32,"column":11},"end":{"line":34,"column":5}}],"line":28},"3":{"loc":{"start":{"line":29,"column":23},"end":{"line":30,"column":48}},"type":"cond-expr","locations":[{"start":{"line":30,"column":10},"end":{"line":30,"column":27}},{"start":{"line":30,"column":30},"end":{"line":30,"column":48}}],"line":29},"4":{"loc":{"start":{"line":39,"column":4},"end":{"line":39,"column":43}},"type":"if","locations":[{"start":{"line":39,"column":4},"end":{"line":39,"column":43}},{"start":{},"end":{}}],"line":39},"5":{"loc":{"start":{"line":57,"column":8},"end":{"line":62,"column":7}},"type":"binary-expr","locations":[{"start":{"line":57,"column":8},"end":{"line":57,"column":22}},{"start":{"line":58,"column":8},"end":{"line":61,"column":11}}],"line":57}},"s":{"0":29,"1":29,"2":29,"3":29,"4":29,"5":6,"6":6,"7":6,"8":5,"9":1,"10":1,"11":1,"12":0,"13":0,"14":29,"15":22,"16":6,"17":29,"18":16,"19":16,"20":16,"21":29,"22":16,"23":29},"f":{"0":29,"1":6,"2":0,"3":22,"4":16,"5":16,"6":16},"b":{"0":[1,5],"1":[5,1],"2":[1,0],"3":[1,0],"4":[6,16],"5":[29,7]},"_coverageSchema":"1a1c01bbd47fc00a2c39e90264f33305004495a9","hash":"8a864dee662f6abbc3c3674ffdc3e96e744d5bb8"}
,"/home/caique/Documentos/projects/sd-023-a-project-recipes-app/src/services/localStorage.js": {"path":"/home/caique/Documentos/projects/sd-023-a-project-recipes-app/src/services/localStorage.js","statementMap":{"0":{"start":{"line":2,"column":20},"end":{"line":2,"column":32}},"1":{"start":{"line":3,"column":21},"end":{"line":3,"column":34}},"2":{"start":{"line":4,"column":13},"end":{"line":4,"column":19}},"3":{"start":{"line":5,"column":21},"end":{"line":5,"column":34}},"4":{"start":{"line":6,"column":25},"end":{"line":6,"column":42}},"5":{"start":{"line":7,"column":28},"end":{"line":7,"column":47}},"6":{"start":{"line":10,"column":16},"end":{"line":10,"column":68}},"7":{"start":{"line":10,"column":25},"end":{"line":10,"column":68}},"8":{"start":{"line":13,"column":16},"end":{"line":18,"column":1}},"9":{"start":{"line":14,"column":2},"end":{"line":17,"column":3}},"10":{"start":{"line":14,"column":33},"end":{"line":14,"column":66}},"11":{"start":{"line":16,"column":4},"end":{"line":16,"column":53}},"12":{"start":{"line":21,"column":22},"end":{"line":25,"column":1}},"13":{"start":{"line":22,"column":2},"end":{"line":22,"column":38}},"14":{"start":{"line":23,"column":2},"end":{"line":23,"column":26}},"15":{"start":{"line":24,"column":2},"end":{"line":24,"column":27}},"16":{"start":{"line":28,"column":27},"end":{"line":31,"column":1}},"17":{"start":{"line":29,"column":26},"end":{"line":29,"column":51}},"18":{"start":{"line":30,"column":2},"end":{"line":30,"column":61}},"19":{"start":{"line":34,"column":29},"end":{"line":37,"column":1}},"20":{"start":{"line":35,"column":26},"end":{"line":35,"column":51}},"21":{"start":{"line":36,"column":2},"end":{"line":36,"column":82}},"22":{"start":{"line":36,"column":63},"end":{"line":36,"column":79}},"23":{"start":{"line":40,"column":19},"end":{"line":44,"column":1}},"24":{"start":{"line":41,"column":26},"end":{"line":41,"column":51}},"25":{"start":{"line":42,"column":2},"end":{"line":42,"column":44}},"26":{"start":{"line":42,"column":31},"end":{"line":42,"column":44}},"27":{"start":{"line":43,"column":2},"end":{"line":43,"column":60}},"28":{"start":{"line":43,"column":42},"end":{"line":43,"column":58}},"29":{"start":{"line":47,"column":29},"end":{"line":50,"column":1}},"30":{"start":{"line":48,"column":2},"end":{"line":49,"column":38}},"31":{"start":{"line":48,"column":26},"end":{"line":48,"column":58}},"32":{"start":{"line":49,"column":9},"end":{"line":49,"column":36}},"33":{"start":{"line":53,"column":28},"end":{"line":56,"column":1}},"34":{"start":{"line":53,"column":34},"end":{"line":56,"column":1}},"35":{"start":{"line":59,"column":31},"end":{"line":68,"column":1}},"36":{"start":{"line":60,"column":21},"end":{"line":60,"column":42}},"37":{"start":{"line":61,"column":24},"end":{"line":66,"column":7}},"38":{"start":{"line":67,"column":2},"end":{"line":67,"column":46}},"39":{"start":{"line":71,"column":24},"end":{"line":74,"column":1}},"40":{"start":{"line":72,"column":22},"end":{"line":72,"column":43}},"41":{"start":{"line":73,"column":2},"end":{"line":73,"column":50}}},"fnMap":{"0":{"name":"(anonymous_0)","decl":{"start":{"line":10,"column":16},"end":{"line":10,"column":17}},"loc":{"start":{"line":10,"column":25},"end":{"line":10,"column":68}},"line":10},"1":{"name":"(anonymous_1)","decl":{"start":{"line":13,"column":16},"end":{"line":13,"column":17}},"loc":{"start":{"line":13,"column":32},"end":{"line":18,"column":1}},"line":13},"2":{"name":"(anonymous_2)","decl":{"start":{"line":21,"column":22},"end":{"line":21,"column":23}},"loc":{"start":{"line":21,"column":37},"end":{"line":25,"column":1}},"line":21},"3":{"name":"(anonymous_3)","decl":{"start":{"line":28,"column":27},"end":{"line":28,"column":28}},"loc":{"start":{"line":28,"column":42},"end":{"line":31,"column":1}},"line":28},"4":{"name":"(anonymous_4)","decl":{"start":{"line":34,"column":29},"end":{"line":34,"column":30}},"loc":{"start":{"line":34,"column":37},"end":{"line":37,"column":1}},"line":34},"5":{"name":"(anonymous_5)","decl":{"start":{"line":36,"column":51},"end":{"line":36,"column":52}},"loc":{"start":{"line":36,"column":63},"end":{"line":36,"column":79}},"line":36},"6":{"name":"(anonymous_6)","decl":{"start":{"line":40,"column":19},"end":{"line":40,"column":20}},"loc":{"start":{"line":40,"column":31},"end":{"line":44,"column":1}},"line":40},"7":{"name":"(anonymous_7)","decl":{"start":{"line":43,"column":30},"end":{"line":43,"column":31}},"loc":{"start":{"line":43,"column":42},"end":{"line":43,"column":58}},"line":43},"8":{"name":"(anonymous_8)","decl":{"start":{"line":47,"column":29},"end":{"line":47,"column":30}},"loc":{"start":{"line":47,"column":41},"end":{"line":50,"column":1}},"line":47},"9":{"name":"(anonymous_9)","decl":{"start":{"line":53,"column":28},"end":{"line":53,"column":29}},"loc":{"start":{"line":53,"column":34},"end":{"line":56,"column":1}},"line":53},"10":{"name":"(anonymous_10)","decl":{"start":{"line":59,"column":31},"end":{"line":59,"column":32}},"loc":{"start":{"line":59,"column":54},"end":{"line":68,"column":1}},"line":59},"11":{"name":"(anonymous_11)","decl":{"start":{"line":71,"column":24},"end":{"line":71,"column":25}},"loc":{"start":{"line":71,"column":36},"end":{"line":74,"column":1}},"line":71}},"branchMap":{"0":{"loc":{"start":{"line":10,"column":25},"end":{"line":10,"column":68}},"type":"binary-expr","locations":[{"start":{"line":10,"column":25},"end":{"line":10,"column":62}},{"start":{"line":10,"column":66},"end":{"line":10,"column":68}}],"line":10},"1":{"loc":{"start":{"line":14,"column":2},"end":{"line":17,"column":3}},"type":"if","locations":[{"start":{"line":14,"column":2},"end":{"line":17,"column":3}},{"start":{"line":15,"column":7},"end":{"line":17,"column":3}}],"line":14},"2":{"loc":{"start":{"line":42,"column":2},"end":{"line":42,"column":44}},"type":"if","locations":[{"start":{"line":42,"column":2},"end":{"line":42,"column":44}},{"start":{},"end":{}}],"line":42},"3":{"loc":{"start":{"line":48,"column":2},"end":{"line":49,"column":38}},"type":"if","locations":[{"start":{"line":48,"column":2},"end":{"line":49,"column":38}},{"start":{"line":49,"column":7},"end":{"line":49,"column":38}}],"line":48},"4":{"loc":{"start":{"line":53,"column":34},"end":{"line":56,"column":1}},"type":"binary-expr","locations":[{"start":{"line":53,"column":34},"end":{"line":54,"column":51}},{"start":{"line":54,"column":55},"end":{"line":56,"column":1}}],"line":53}},"s":{"0":10,"1":10,"2":10,"3":10,"4":10,"5":10,"6":10,"7":101,"8":10,"9":23,"10":0,"11":23,"12":10,"13":1,"14":1,"15":1,"16":10,"17":2,"18":2,"19":10,"20":1,"21":1,"22":1,"23":10,"24":3,"25":3,"26":2,"27":1,"28":1,"29":10,"30":3,"31":1,"32":2,"33":10,"34":40,"35":10,"36":16,"37":16,"38":16,"39":10,"40":1,"41":1},"f":{"0":101,"1":23,"2":1,"3":2,"4":1,"5":1,"6":3,"7":1,"8":3,"9":40,"10":16,"11":1},"b":{"0":[101,75],"1":[0,23],"2":[2,1],"3":[1,2],"4":[40,11]},"_coverageSchema":"1a1c01bbd47fc00a2c39e90264f33305004495a9","hash":"d5c011e086b209f9c144e7d82895a8396d88bea5"}
,"/home/caique/Documentos/projects/sd-023-a-project-recipes-app/src/services/requestAPI.js": {"path":"/home/caique/Documentos/projects/sd-023-a-project-recipes-app/src/services/requestAPI.js","statementMap":{"0":{"start":{"line":4,"column":20},"end":{"line":13,"column":1}},"1":{"start":{"line":5,"column":2},"end":{"line":12,"column":3}},"2":{"start":{"line":6,"column":21},"end":{"line":6,"column":43}},"3":{"start":{"line":7,"column":17},"end":{"line":7,"column":38}},"4":{"start":{"line":9,"column":4},"end":{"line":9,"column":16}},"5":{"start":{"line":11,"column":4},"end":{"line":11,"column":31}},"6":{"start":{"line":16,"column":25},"end":{"line":23,"column":1}},"7":{"start":{"line":17,"column":20},"end":{"line":17,"column":69}},"8":{"start":{"line":18,"column":14},"end":{"line":18,"column":72}},"9":{"start":{"line":19,"column":2},"end":{"line":22,"column":50}},"10":{"start":{"line":20,"column":24},"end":{"line":20,"column":39}},"11":{"start":{"line":21,"column":20},"end":{"line":21,"column":47}},"12":{"start":{"line":22,"column":22},"end":{"line":22,"column":48}},"13":{"start":{"line":26,"column":30},"end":{"line":33,"column":1}},"14":{"start":{"line":27,"column":20},"end":{"line":27,"column":69}},"15":{"start":{"line":28,"column":14},"end":{"line":28,"column":74}},"16":{"start":{"line":29,"column":2},"end":{"line":32,"column":50}},"17":{"start":{"line":30,"column":24},"end":{"line":30,"column":39}},"18":{"start":{"line":31,"column":20},"end":{"line":31,"column":47}},"19":{"start":{"line":32,"column":22},"end":{"line":32,"column":48}},"20":{"start":{"line":36,"column":28},"end":{"line":43,"column":1}},"21":{"start":{"line":37,"column":20},"end":{"line":37,"column":69}},"22":{"start":{"line":38,"column":14},"end":{"line":38,"column":83}},"23":{"start":{"line":39,"column":2},"end":{"line":42,"column":50}},"24":{"start":{"line":40,"column":24},"end":{"line":40,"column":39}},"25":{"start":{"line":41,"column":20},"end":{"line":41,"column":47}},"26":{"start":{"line":42,"column":22},"end":{"line":42,"column":48}},"27":{"start":{"line":46,"column":24},"end":{"line":55,"column":1}},"28":{"start":{"line":47,"column":20},"end":{"line":48,"column":35}},"29":{"start":{"line":49,"column":18},"end":{"line":49,"column":62}},"30":{"start":{"line":50,"column":14},"end":{"line":50,"column":77}},"31":{"start":{"line":51,"column":2},"end":{"line":54,"column":50}},"32":{"start":{"line":52,"column":24},"end":{"line":52,"column":39}},"33":{"start":{"line":53,"column":20},"end":{"line":53,"column":33}},"34":{"start":{"line":54,"column":22},"end":{"line":54,"column":48}},"35":{"start":{"line":58,"column":24},"end":{"line":68,"column":1}},"36":{"start":{"line":59,"column":20},"end":{"line":60,"column":35}},"37":{"start":{"line":61,"column":18},"end":{"line":62,"column":24}},"38":{"start":{"line":63,"column":14},"end":{"line":63,"column":72}},"39":{"start":{"line":64,"column":2},"end":{"line":67,"column":50}},"40":{"start":{"line":65,"column":24},"end":{"line":65,"column":39}},"41":{"start":{"line":66,"column":20},"end":{"line":66,"column":51}},"42":{"start":{"line":67,"column":22},"end":{"line":67,"column":48}}},"fnMap":{"0":{"name":"(anonymous_0)","decl":{"start":{"line":4,"column":20},"end":{"line":4,"column":21}},"loc":{"start":{"line":4,"column":41},"end":{"line":13,"column":1}},"line":4},"1":{"name":"(anonymous_1)","decl":{"start":{"line":16,"column":25},"end":{"line":16,"column":26}},"loc":{"start":{"line":16,"column":41},"end":{"line":23,"column":1}},"line":16},"2":{"name":"(anonymous_2)","decl":{"start":{"line":20,"column":10},"end":{"line":20,"column":11}},"loc":{"start":{"line":20,"column":24},"end":{"line":20,"column":39}},"line":20},"3":{"name":"(anonymous_3)","decl":{"start":{"line":21,"column":10},"end":{"line":21,"column":11}},"loc":{"start":{"line":21,"column":20},"end":{"line":21,"column":47}},"line":21},"4":{"name":"(anonymous_4)","decl":{"start":{"line":22,"column":11},"end":{"line":22,"column":12}},"loc":{"start":{"line":22,"column":22},"end":{"line":22,"column":48}},"line":22},"5":{"name":"(anonymous_5)","decl":{"start":{"line":26,"column":30},"end":{"line":26,"column":31}},"loc":{"start":{"line":26,"column":46},"end":{"line":33,"column":1}},"line":26},"6":{"name":"(anonymous_6)","decl":{"start":{"line":30,"column":10},"end":{"line":30,"column":11}},"loc":{"start":{"line":30,"column":24},"end":{"line":30,"column":39}},"line":30},"7":{"name":"(anonymous_7)","decl":{"start":{"line":31,"column":10},"end":{"line":31,"column":11}},"loc":{"start":{"line":31,"column":20},"end":{"line":31,"column":47}},"line":31},"8":{"name":"(anonymous_8)","decl":{"start":{"line":32,"column":11},"end":{"line":32,"column":12}},"loc":{"start":{"line":32,"column":22},"end":{"line":32,"column":48}},"line":32},"9":{"name":"(anonymous_9)","decl":{"start":{"line":36,"column":28},"end":{"line":36,"column":29}},"loc":{"start":{"line":36,"column":54},"end":{"line":43,"column":1}},"line":36},"10":{"name":"(anonymous_10)","decl":{"start":{"line":40,"column":10},"end":{"line":40,"column":11}},"loc":{"start":{"line":40,"column":24},"end":{"line":40,"column":39}},"line":40},"11":{"name":"(anonymous_11)","decl":{"start":{"line":41,"column":10},"end":{"line":41,"column":11}},"loc":{"start":{"line":41,"column":20},"end":{"line":41,"column":47}},"line":41},"12":{"name":"(anonymous_12)","decl":{"start":{"line":42,"column":11},"end":{"line":42,"column":12}},"loc":{"start":{"line":42,"column":22},"end":{"line":42,"column":48}},"line":42},"13":{"name":"(anonymous_13)","decl":{"start":{"line":46,"column":24},"end":{"line":46,"column":25}},"loc":{"start":{"line":46,"column":44},"end":{"line":55,"column":1}},"line":46},"14":{"name":"(anonymous_14)","decl":{"start":{"line":52,"column":10},"end":{"line":52,"column":11}},"loc":{"start":{"line":52,"column":24},"end":{"line":52,"column":39}},"line":52},"15":{"name":"(anonymous_15)","decl":{"start":{"line":53,"column":10},"end":{"line":53,"column":11}},"loc":{"start":{"line":53,"column":20},"end":{"line":53,"column":33}},"line":53},"16":{"name":"(anonymous_16)","decl":{"start":{"line":54,"column":11},"end":{"line":54,"column":12}},"loc":{"start":{"line":54,"column":22},"end":{"line":54,"column":48}},"line":54},"17":{"name":"(anonymous_17)","decl":{"start":{"line":58,"column":24},"end":{"line":58,"column":25}},"loc":{"start":{"line":58,"column":40},"end":{"line":68,"column":1}},"line":58},"18":{"name":"(anonymous_18)","decl":{"start":{"line":65,"column":10},"end":{"line":65,"column":11}},"loc":{"start":{"line":65,"column":24},"end":{"line":65,"column":39}},"line":65},"19":{"name":"(anonymous_19)","decl":{"start":{"line":66,"column":10},"end":{"line":66,"column":11}},"loc":{"start":{"line":66,"column":20},"end":{"line":66,"column":51}},"line":66},"20":{"name":"(anonymous_20)","decl":{"start":{"line":67,"column":11},"end":{"line":67,"column":12}},"loc":{"start":{"line":67,"column":22},"end":{"line":67,"column":48}},"line":67}},"branchMap":{"0":{"loc":{"start":{"line":17,"column":20},"end":{"line":17,"column":69}},"type":"cond-expr","locations":[{"start":{"line":17,"column":40},"end":{"line":17,"column":51}},{"start":{"line":17,"column":54},"end":{"line":17,"column":69}}],"line":17},"1":{"loc":{"start":{"line":27,"column":20},"end":{"line":27,"column":69}},"type":"cond-expr","locations":[{"start":{"line":27,"column":40},"end":{"line":27,"column":51}},{"start":{"line":27,"column":54},"end":{"line":27,"column":69}}],"line":27},"2":{"loc":{"start":{"line":37,"column":20},"end":{"line":37,"column":69}},"type":"cond-expr","locations":[{"start":{"line":37,"column":40},"end":{"line":37,"column":51}},{"start":{"line":37,"column":54},"end":{"line":37,"column":69}}],"line":37},"3":{"loc":{"start":{"line":47,"column":20},"end":{"line":48,"column":35}},"type":"cond-expr","locations":[{"start":{"line":48,"column":6},"end":{"line":48,"column":17}},{"start":{"line":48,"column":20},"end":{"line":48,"column":35}}],"line":47},"4":{"loc":{"start":{"line":49,"column":18},"end":{"line":49,"column":62}},"type":"cond-expr","locations":[{"start":{"line":49,"column":44},"end":{"line":49,"column":51}},{"start":{"line":49,"column":54},"end":{"line":49,"column":62}}],"line":49},"5":{"loc":{"start":{"line":59,"column":20},"end":{"line":60,"column":35}},"type":"cond-expr","locations":[{"start":{"line":60,"column":6},"end":{"line":60,"column":21}},{"start":{"line":60,"column":24},"end":{"line":60,"column":35}}],"line":59},"6":{"loc":{"start":{"line":61,"column":18},"end":{"line":62,"column":24}},"type":"cond-expr","locations":[{"start":{"line":62,"column":6},"end":{"line":62,"column":14}},{"start":{"line":62,"column":17},"end":{"line":62,"column":24}}],"line":61}},"s":{"0":10,"1":6,"2":6,"3":6,"4":1,"5":5,"6":10,"7":40,"8":40,"9":40,"10":40,"11":40,"12":0,"13":10,"14":7,"15":7,"16":7,"17":7,"18":7,"19":0,"20":10,"21":0,"22":0,"23":0,"24":0,"25":0,"26":0,"27":10,"28":10,"29":10,"30":10,"31":10,"32":10,"33":10,"34":0,"35":10,"36":5,"37":5,"38":5,"39":5,"40":5,"41":5,"42":1},"f":{"0":6,"1":40,"2":40,"3":40,"4":0,"5":7,"6":7,"7":7,"8":0,"9":0,"10":0,"11":0,"12":0,"13":10,"14":10,"15":10,"16":0,"17":5,"18":5,"19":5,"20":1},"b":{"0":[35,5],"1":[6,1],"2":[0,0],"3":[7,3],"4":[7,3],"5":[2,3],"6":[2,3]},"_coverageSchema":"1a1c01bbd47fc00a2c39e90264f33305004495a9","hash":"0eb79dbfe1dafa0b2373574170469ab16663a892"}
}
