TN:
SF:src/App.js
FN:14,App
FNF:1
FNH:1
FNDA:38,App
DA:15,38
LF:1
LH:1
BRF:0
BRH:0
end_of_record
TN:
SF:src/components/Categories.jsx
FN:7,Categories
FN:19,(anonymous_1)
FN:21,(anonymous_2)
FN:25,(anonymous_3)
FN:27,(anonymous_4)
FN:31,(anonymous_5)
FN:33,(anonymous_6)
FN:37,(anonymous_7)
FN:42,(anonymous_8)
FN:50,(anonymous_9)
FN:54,(anonymous_10)
FN:54,(anonymous_11)
FN:66,(anonymous_12)
FNF:13
FNH:8
FNDA:7,Categories
FNDA:7,(anonymous_1)
FNDA:95,(anonymous_2)
FNDA:7,(anonymous_3)
FNDA:7,(anonymous_4)
FNDA:0,(anonymous_5)
FNDA:0,(anonymous_6)
FNDA:7,(anonymous_7)
FNDA:7,(anonymous_8)
FNDA:0,(anonymous_9)
FNDA:0,(anonymous_10)
FNDA:0,(anonymous_11)
FNDA:1,(anonymous_12)
DA:8,7
DA:9,7
DA:10,7
DA:11,7
DA:16,7
DA:19,7
DA:20,7
DA:21,95
DA:25,7
DA:26,7
DA:27,7
DA:31,7
DA:32,0
DA:33,0
DA:37,7
DA:38,7
DA:39,7
DA:42,7
DA:43,7
DA:46,7
DA:51,0
DA:54,0
DA:55,0
DA:56,0
DA:66,1
LF:25
LH:19
BRDA:21,0,0,7
BRDA:21,0,1,0
BRDA:38,1,0,0
BRDA:38,1,1,7
BRDA:39,2,0,7
BRDA:39,2,1,0
BRDA:49,3,0,7
BRDA:49,3,1,0
BRDA:55,4,0,0
BRDA:55,4,1,0
BRF:10
BRH:4
end_of_record
TN:
SF:src/components/DetailsPageButtons.jsx
FN:13,DetailsPageButtons
FN:24,(anonymous_1)
FN:28,(anonymous_2)
FN:32,(anonymous_3)
FN:36,(anonymous_4)
FN:56,(anonymous_5)
FNF:6
FNH:4
FNDA:21,DetailsPageButtons
FNDA:0,(anonymous_1)
FNDA:0,(anonymous_2)
FNDA:13,(anonymous_3)
FNDA:2,(anonymous_4)
FNDA:3,(anonymous_5)
DA:14,21
DA:18,21
DA:19,21
DA:21,21
DA:24,21
DA:25,0
DA:26,0
DA:27,0
DA:28,0
DA:32,21
DA:33,13
DA:34,13
DA:35,13
DA:36,13
DA:37,13
DA:38,13
DA:39,13
DA:42,21
DA:56,3
LF:19
LH:15
BRDA:37,0,0,0
BRDA:37,0,1,13
BRDA:51,1,0,21
BRDA:51,1,1,0
BRF:4
BRH:2
end_of_record
TN:
SF:src/components/FilterButtons.jsx
FN:4,FilterButtons
FN:12,(anonymous_1)
FN:20,(anonymous_2)
FN:28,(anonymous_3)
FNF:4
FNH:4
FNDA:12,FilterButtons
FNDA:2,(anonymous_1)
FNDA:2,(anonymous_2)
FNDA:3,(anonymous_3)
DA:5,12
DA:7,12
DA:12,2
DA:20,2
DA:28,3
LF:5
LH:5
BRF:0
BRH:0
end_of_record
TN:
SF:src/components/Footer.jsx
FN:6,Footer
FN:9,(anonymous_1)
FN:19,(anonymous_2)
FN:27,(anonymous_3)
FNF:4
FNH:4
FNDA:36,Footer
FNDA:2,(anonymous_1)
FNDA:1,(anonymous_2)
FNDA:1,(anonymous_3)
DA:7,36
DA:9,36
DA:10,2
DA:13,36
DA:19,1
DA:27,1
LF:6
LH:6
BRF:0
BRH:0
end_of_record
TN:
SF:src/components/Header.jsx
FN:8,Header
FN:23,(anonymous_1)
FN:32,(anonymous_2)
FN:32,(anonymous_3)
FNF:4
FNH:4
FNDA:59,Header
FNDA:1,(anonymous_1)
FNDA:11,(anonymous_2)
FNDA:11,(anonymous_3)
DA:9,59
DA:10,59
DA:11,59
DA:12,59
DA:14,59
DA:23,1
DA:32,11
LF:7
LH:7
BRDA:26,0,0,59
BRDA:26,0,1,40
BRDA:36,1,0,59
BRDA:36,1,1,21
BRF:4
BRH:4
end_of_record
TN:
SF:src/components/RecipeDetailsCard.jsx
FN:5,RecipeDetailsCard
FN:19,(anonymous_1)
FN:20,(anonymous_2)
FNF:3
FNH:3
FNDA:1,RecipeDetailsCard
FNDA:1,(anonymous_1)
FNDA:3,(anonymous_2)
DA:6,1
DA:16,1
DA:19,1
DA:21,3
DA:29,1
DA:55,10
LF:6
LH:6
BRDA:25,0,0,3
BRDA:25,0,1,0
BRDA:38,1,0,0
BRDA:38,1,1,1
BRDA:40,2,0,1
BRDA:40,2,1,0
BRF:6
BRH:3
end_of_record
TN:
SF:src/components/RecipeInProgressCard.jsx
FN:12,RecipeInProgressCard
FN:35,(anonymous_1)
FN:42,(anonymous_2)
FN:43,(anonymous_3)
FN:43,(anonymous_4)
FN:50,(anonymous_5)
FN:51,(anonymous_6)
FN:53,(anonymous_7)
FN:59,(anonymous_8)
FN:60,(anonymous_9)
FN:70,(anonymous_10)
FN:83,(anonymous_11)
FN:96,(anonymous_12)
FN:119,(anonymous_13)
FNF:14
FNH:14
FNDA:19,RecipeInProgressCard
FNDA:152,(anonymous_1)
FNDA:16,(anonymous_2)
FNDA:16,(anonymous_3)
FNDA:128,(anonymous_4)
FNDA:19,(anonymous_5)
FNDA:152,(anonymous_6)
FNDA:40,(anonymous_7)
FNDA:19,(anonymous_8)
FNDA:152,(anonymous_9)
FNDA:16,(anonymous_10)
FNDA:1,(anonymous_11)
FNDA:1,(anonymous_12)
FNDA:89,(anonymous_13)
DA:13,19
DA:14,19
DA:15,19
DA:26,19
DA:29,19
DA:32,19
DA:35,152
DA:39,19
DA:42,19
DA:43,16
DA:44,128
DA:45,112
DA:50,19
DA:51,152
DA:53,40
DA:54,16
DA:59,19
DA:61,152
DA:70,16
DA:80,19
DA:83,19
DA:96,19
DA:97,1
DA:98,1
DA:101,19
DA:119,89
DA:127,10
LF:27
LH:27
BRDA:29,0,0,19
BRDA:29,0,1,0
BRDA:32,1,0,19
BRDA:32,1,1,5
BRDA:44,2,0,16
BRDA:44,2,1,112
BRDA:53,3,0,16
BRDA:53,3,1,3
BRDA:73,4,0,72
BRDA:73,4,1,80
BRDA:75,5,0,152
BRDA:75,5,1,0
BRDA:80,6,0,19
BRDA:80,6,1,0
BRDA:110,7,0,19
BRDA:110,7,1,0
BRF:16
BRH:12
end_of_record
TN:
SF:src/components/RecipesCard.jsx
FN:5,RecipesCard
FN:10,(anonymous_1)
FN:18,(anonymous_2)
FN:22,(anonymous_3)
FNF:4
FNH:2
FNDA:7,RecipesCard
FNDA:0,(anonymous_1)
FNDA:84,(anonymous_2)
FNDA:0,(anonymous_3)
DA:6,7
DA:7,7
DA:10,7
DA:11,0
DA:12,0
DA:15,7
DA:19,84
DA:22,0
DA:42,10
LF:9
LH:6
BRDA:11,0,0,0
BRDA:11,0,1,0
BRDA:26,1,0,72
BRDA:26,1,1,12
BRDA:32,2,0,72
BRDA:32,2,1,12
BRF:6
BRH:4
end_of_record
TN:
SF:src/components/RecipesInfo.jsx
FN:14,RecipesInfo
FN:24,(anonymous_1)
FN:24,(anonymous_2)
FN:27,(anonymous_3)
FN:27,(anonymous_4)
FN:37,(anonymous_5)
FN:42,(anonymous_6)
FN:46,(anonymous_7)
FN:52,(anonymous_8)
FN:58,(anonymous_9)
FN:59,(anonymous_10)
FN:79,(anonymous_11)
FN:89,(anonymous_12)
FN:105,(anonymous_13)
FN:114,(anonymous_14)
FNF:15
FNH:7
FNDA:12,RecipesInfo
FNDA:3,(anonymous_1)
FNDA:2,(anonymous_2)
FNDA:3,(anonymous_3)
FNDA:2,(anonymous_4)
FNDA:0,(anonymous_5)
FNDA:0,(anonymous_6)
FNDA:0,(anonymous_7)
FNDA:0,(anonymous_8)
FNDA:12,(anonymous_9)
FNDA:6,(anonymous_10)
FNDA:0,(anonymous_11)
FNDA:0,(anonymous_12)
FNDA:0,(anonymous_13)
FNDA:0,(anonymous_14)
DA:15,12
DA:16,12
DA:17,12
DA:18,12
DA:21,12
DA:24,12
DA:27,12
DA:28,2
DA:37,12
DA:38,0
DA:39,0
DA:40,0
DA:41,0
DA:42,0
DA:46,12
DA:47,0
DA:48,0
DA:52,12
DA:53,0
DA:54,0
DA:58,12
DA:73,6
DA:79,0
DA:89,0
DA:105,0
DA:114,0
DA:123,12
DA:131,10
LF:28
LH:15
BRDA:38,0,0,0
BRDA:38,0,1,0
BRDA:47,1,0,0
BRDA:47,1,1,0
BRDA:85,2,0,6
BRDA:85,2,1,0
BRDA:94,3,0,6
BRDA:94,3,1,3
BRDA:109,4,0,6
BRDA:109,4,1,3
BRDA:119,5,0,6
BRDA:119,5,1,3
BRDA:126,6,0,12
BRDA:126,6,1,0
BRF:14
BRH:8
end_of_record
TN:
SF:src/components/SearchBar.jsx
FN:6,SearchBar
FN:13,(anonymous_1)
FN:26,(anonymous_2)
FN:38,(anonymous_3)
FN:49,(anonymous_4)
FN:60,(anonymous_5)
FNF:6
FNH:6
FNDA:47,SearchBar
FNDA:7,(anonymous_1)
FNDA:21,(anonymous_2)
FNDA:2,(anonymous_3)
FNDA:1,(anonymous_4)
FNDA:2,(anonymous_5)
DA:7,47
DA:8,47
DA:9,47
DA:10,47
DA:11,47
DA:13,47
DA:14,7
DA:15,1
DA:18,6
DA:22,47
DA:26,21
DA:38,2
DA:49,1
DA:60,2
LF:14
LH:14
BRDA:14,0,0,1
BRDA:14,0,1,6
BRDA:14,1,0,7
BRDA:14,1,1,2
BRF:4
BRH:4
end_of_record
TN:
SF:src/components/SugestionsCard.jsx
FN:6,SugestionsCard
FN:11,(anonymous_1)
FN:17,(anonymous_2)
FNF:3
FNH:3
FNDA:9,SugestionsCard
FNDA:6,(anonymous_1)
FNDA:6,(anonymous_2)
DA:7,9
DA:10,9
DA:11,6
DA:13,9
DA:18,6
DA:38,10
LF:6
LH:6
BRF:0
BRH:0
end_of_record
TN:
SF:src/context/RecipesContext.js
FNF:0
FNH:0
DA:3,10
LF:1
LH:1
BRF:0
BRH:0
end_of_record
TN:
SF:src/context/RecipesProvider.jsx
FN:12,RecipesProvider
FN:23,(anonymous_1)
FN:25,(anonymous_2)
FN:29,(anonymous_3)
FN:45,(anonymous_4)
FNF:5
FNH:5
FNDA:60,RecipesProvider
FNDA:40,(anonymous_1)
FNDA:952,(anonymous_2)
FNDA:3,(anonymous_3)
FNDA:3,(anonymous_4)
DA:13,60
DA:14,60
DA:15,60
DA:19,60
DA:20,60
DA:23,60
DA:24,40
DA:25,952
DA:29,60
DA:31,3
DA:32,3
DA:33,3
DA:45,60
DA:46,3
DA:47,3
DA:48,3
DA:51,60
DA:66,60
DA:73,10
LF:19
LH:19
BRDA:25,0,0,40
BRDA:25,0,1,0
BRDA:32,1,0,3
BRDA:32,1,1,0
BRF:4
BRH:2
end_of_record
TN:
SF:src/helpers/index.js
FN:2,(anonymous_0)
FN:21,(anonymous_1)
FN:30,(anonymous_2)
FN:38,(anonymous_3)
FN:40,(anonymous_4)
FN:43,(anonymous_5)
FN:47,(anonymous_6)
FN:47,(anonymous_7)
FN:50,(anonymous_8)
FN:50,(anonymous_9)
FN:78,(anonymous_10)
FN:78,(anonymous_11)
FN:81,(anonymous_12)
FNF:13
FNH:13
FNDA:59,(anonymous_0)
FNDA:6,(anonymous_1)
FNDA:6,(anonymous_2)
FNDA:10,(anonymous_3)
FNDA:468,(anonymous_4)
FNDA:49,(anonymous_5)
FNDA:189,(anonymous_6)
FNDA:57,(anonymous_7)
FNDA:189,(anonymous_8)
FNDA:57,(anonymous_9)
FNDA:5,(anonymous_10)
FNDA:100,(anonymous_11)
FNDA:6,(anonymous_12)
DA:2,10
DA:3,59
DA:4,35
DA:5,5
DA:6,7
DA:7,5
DA:8,7
DA:12,10
DA:13,10
DA:14,10
DA:17,10
DA:18,10
DA:21,10
DA:22,6
DA:23,2
DA:24,1
DA:25,3
DA:30,10
DA:31,6
DA:32,5
DA:34,1
DA:38,10
DA:40,468
DA:43,49
DA:46,10
DA:47,189
DA:49,10
DA:50,189
DA:52,10
DA:53,10
DA:54,10
DA:55,10
DA:56,10
DA:57,10
DA:58,10
DA:59,10
DA:60,10
DA:63,10
DA:78,100
DA:81,10
DA:82,6
DA:83,6
DA:84,6
DA:85,6
LF:44
LH:44
BRDA:3,0,0,35
BRDA:3,0,1,5
BRDA:3,0,2,7
BRDA:3,0,3,5
BRDA:3,0,4,7
BRDA:22,1,0,2
BRDA:22,1,1,1
BRDA:22,1,2,3
BRDA:31,2,0,5
BRDA:31,2,1,1
BRDA:52,3,0,7
BRDA:52,3,1,3
BRDA:53,4,0,7
BRDA:53,4,1,3
BRDA:54,5,0,7
BRDA:54,5,1,3
BRDA:55,6,0,7
BRDA:55,6,1,3
BRDA:58,7,0,7
BRDA:58,7,1,3
BRDA:59,8,0,7
BRDA:59,8,1,3
BRDA:60,9,0,6
BRDA:60,9,1,4
BRDA:83,10,0,0
BRDA:83,10,1,6
BRDA:84,11,0,0
BRDA:84,11,1,6
BRF:28
BRH:26
end_of_record
TN:
SF:src/pages/DoneRecipes.jsx
FN:9,DoneRecipes
FN:15,(anonymous_1)
FNF:2
FNH:2
FNDA:5,DoneRecipes
FNDA:4,(anonymous_1)
DA:10,5
DA:11,5
DA:14,5
DA:15,4
DA:17,5
LF:5
LH:5
BRDA:15,0,0,4
BRDA:15,0,1,2
BRF:2
BRH:2
end_of_record
TN:
SF:src/pages/FavoriteRecipes.jsx
FN:8,FavoriteRecipes
FN:14,(anonymous_1)
FNF:2
FNH:2
FNDA:7,FavoriteRecipes
FNDA:5,(anonymous_1)
DA:9,7
DA:10,7
DA:13,7
DA:14,5
DA:16,7
LF:5
LH:5
BRDA:14,0,0,5
BRDA:14,0,1,3
BRF:2
BRH:2
end_of_record
TN:
SF:src/pages/Login.jsx
FN:6,Login
FN:12,(anonymous_1)
FN:13,(anonymous_2)
FN:24,(anonymous_3)
FN:41,(anonymous_4)
FN:52,(anonymous_5)
FN:58,(anonymous_6)
FNF:7
FNH:7
FNDA:71,Login
FNDA:68,(anonymous_1)
FNDA:68,(anonymous_2)
FNDA:1,(anonymous_3)
FNDA:48,(anonymous_4)
FNDA:20,(anonymous_5)
FNDA:1,(anonymous_6)
DA:7,71
DA:12,71
DA:13,68
DA:16,71
DA:17,71
DA:19,71
DA:20,71
DA:21,71
DA:24,71
DA:25,1
DA:26,1
DA:27,1
DA:30,71
DA:41,48
DA:52,20
DA:58,1
DA:68,10
LF:17
LH:17
BRDA:21,0,0,71
BRDA:21,0,1,20
BRF:2
BRH:2
end_of_record
TN:
SF:src/pages/Profile.jsx
FN:6,Profile
FN:10,(anonymous_1)
FN:14,(anonymous_2)
FN:27,(anonymous_3)
FN:35,(anonymous_4)
FNF:5
FNH:5
FNDA:7,Profile
FNDA:3,(anonymous_1)
FNDA:1,(anonymous_2)
FNDA:1,(anonymous_3)
FNDA:1,(anonymous_4)
DA:7,7
DA:8,7
DA:10,7
DA:11,3
DA:14,7
DA:15,1
DA:16,1
DA:18,7
DA:27,1
DA:35,1
LF:10
LH:10
BRDA:8,0,0,7
BRDA:8,0,1,7
BRF:2
BRH:2
end_of_record
TN:
SF:src/pages/RecipeDetails.jsx
FN:15,RecipeDetails
FN:25,(anonymous_1)
FN:27,(anonymous_2)
FN:31,(anonymous_3)
FN:38,(anonymous_4)
FN:44,(anonymous_5)
FN:48,(anonymous_6)
FN:72,(anonymous_7)
FNF:8
FNH:7
FNDA:11,RecipeDetails
FNDA:5,(anonymous_1)
FNDA:0,(anonymous_2)
FNDA:5,(anonymous_3)
FNDA:5,(anonymous_4)
FNDA:5,(anonymous_5)
FNDA:5,(anonymous_6)
FNDA:1,(anonymous_7)
DA:16,11
DA:17,10
DA:18,10
DA:19,10
DA:20,10
DA:21,10
DA:22,10
DA:25,10
DA:26,5
DA:27,5
DA:31,10
DA:32,5
DA:33,5
DA:34,5
DA:38,10
DA:39,5
DA:40,5
DA:44,10
DA:45,5
DA:48,10
DA:49,5
DA:50,5
DA:51,5
DA:52,5
DA:55,10
DA:72,1
LF:26
LH:26
BRDA:33,0,0,2
BRDA:33,0,1,3
BRDA:59,1,0,10
BRDA:59,1,1,1
BRDA:64,2,0,10
BRDA:64,2,1,10
BRDA:69,3,0,10
BRDA:69,3,1,10
BRDA:76,4,0,1
BRDA:76,4,1,9
BRF:10
BRH:10
end_of_record
TN:
SF:src/pages/RecipeInProgress.jsx
FN:9,RecipeInProgress
FN:15,(anonymous_1)
FN:20,(anonymous_2)
FNF:3
FNH:3
FNDA:9,RecipeInProgress
FNDA:5,(anonymous_1)
FNDA:5,(anonymous_2)
DA:10,9
DA:11,9
DA:12,9
DA:15,9
DA:16,5
DA:17,5
DA:20,9
DA:21,5
DA:24,9
LF:9
LH:9
BRDA:27,0,0,9
BRDA:27,0,1,3
BRF:2
BRH:2
end_of_record
TN:
SF:src/pages/Recipes.jsx
FN:10,Recipes
FN:23,(anonymous_1)
FN:33,(anonymous_2)
FN:38,(anonymous_3)
FN:43,(anonymous_4)
FN:46,(anonymous_5)
FN:50,(anonymous_6)
FNF:7
FNH:6
FNDA:29,Recipes
FNDA:6,(anonymous_1)
FNDA:0,(anonymous_2)
FNDA:22,(anonymous_3)
FNDA:16,(anonymous_4)
FNDA:16,(anonymous_5)
FNDA:16,(anonymous_6)
DA:16,29
DA:17,29
DA:18,29
DA:20,29
DA:23,29
DA:24,6
DA:25,6
DA:26,6
DA:27,5
DA:28,1
DA:29,1
DA:31,1
DA:33,0
DA:38,29
DA:39,22
DA:43,29
DA:44,16
DA:46,16
DA:50,29
DA:51,16
DA:54,29
LF:21
LH:20
BRDA:25,0,0,1
BRDA:25,0,1,5
BRDA:26,1,0,5
BRDA:26,1,1,1
BRDA:28,2,0,1
BRDA:28,2,1,0
BRDA:29,3,0,1
BRDA:29,3,1,0
BRDA:39,4,0,6
BRDA:39,4,1,16
BRDA:57,5,0,29
BRDA:57,5,1,7
BRF:12
BRH:10
end_of_record
TN:
SF:src/services/localStorage.js
FN:10,(anonymous_0)
FN:13,(anonymous_1)
FN:21,(anonymous_2)
FN:28,(anonymous_3)
FN:34,(anonymous_4)
FN:36,(anonymous_5)
FN:40,(anonymous_6)
FN:43,(anonymous_7)
FN:47,(anonymous_8)
FN:53,(anonymous_9)
FN:59,(anonymous_10)
FN:71,(anonymous_11)
FNF:12
FNH:12
FNDA:101,(anonymous_0)
FNDA:23,(anonymous_1)
FNDA:1,(anonymous_2)
FNDA:2,(anonymous_3)
FNDA:1,(anonymous_4)
FNDA:1,(anonymous_5)
FNDA:3,(anonymous_6)
FNDA:1,(anonymous_7)
FNDA:3,(anonymous_8)
FNDA:40,(anonymous_9)
FNDA:16,(anonymous_10)
FNDA:1,(anonymous_11)
DA:2,10
DA:3,10
DA:4,10
DA:5,10
DA:6,10
DA:7,10
DA:10,101
DA:13,10
DA:14,23
DA:16,23
DA:21,10
DA:22,1
DA:23,1
DA:24,1
DA:28,10
DA:29,2
DA:30,2
DA:34,10
DA:35,1
DA:36,1
DA:40,10
DA:41,3
DA:42,3
DA:43,1
DA:47,10
DA:48,3
DA:49,2
DA:53,40
DA:59,10
DA:60,16
DA:61,16
DA:67,16
DA:71,10
DA:72,1
DA:73,1
LF:35
LH:35
BRDA:10,0,0,101
BRDA:10,0,1,75
BRDA:14,1,0,0
BRDA:14,1,1,23
BRDA:42,2,0,2
BRDA:42,2,1,1
BRDA:48,3,0,1
BRDA:48,3,1,2
BRDA:53,4,0,40
BRDA:53,4,1,11
BRF:10
BRH:9
end_of_record
TN:
SF:src/services/requestAPI.js
FN:4,(anonymous_0)
FN:16,(anonymous_1)
FN:20,(anonymous_2)
FN:21,(anonymous_3)
FN:22,(anonymous_4)
FN:26,(anonymous_5)
FN:30,(anonymous_6)
FN:31,(anonymous_7)
FN:32,(anonymous_8)
FN:36,(anonymous_9)
FN:40,(anonymous_10)
FN:41,(anonymous_11)
FN:42,(anonymous_12)
FN:46,(anonymous_13)
FN:52,(anonymous_14)
FN:53,(anonymous_15)
FN:54,(anonymous_16)
FN:58,(anonymous_17)
FN:65,(anonymous_18)
FN:66,(anonymous_19)
FN:67,(anonymous_20)
FNF:21
FNH:14
FNDA:6,(anonymous_0)
FNDA:40,(anonymous_1)
FNDA:40,(anonymous_2)
FNDA:40,(anonymous_3)
FNDA:0,(anonymous_4)
FNDA:7,(anonymous_5)
FNDA:7,(anonymous_6)
FNDA:7,(anonymous_7)
FNDA:0,(anonymous_8)
FNDA:0,(anonymous_9)
FNDA:0,(anonymous_10)
FNDA:0,(anonymous_11)
FNDA:0,(anonymous_12)
FNDA:10,(anonymous_13)
FNDA:10,(anonymous_14)
FNDA:10,(anonymous_15)
FNDA:0,(anonymous_16)
FNDA:5,(anonymous_17)
FNDA:5,(anonymous_18)
FNDA:5,(anonymous_19)
FNDA:1,(anonymous_20)
DA:4,10
DA:5,6
DA:6,6
DA:7,6
DA:9,1
DA:11,5
DA:16,10
DA:17,40
DA:18,40
DA:19,40
DA:20,40
DA:21,40
DA:22,0
DA:26,10
DA:27,7
DA:28,7
DA:29,7
DA:30,7
DA:31,7
DA:32,0
DA:36,10
DA:37,0
DA:38,0
DA:39,0
DA:40,0
DA:41,0
DA:42,0
DA:46,10
DA:47,10
DA:49,10
DA:50,10
DA:51,10
DA:52,10
DA:53,10
DA:54,0
DA:58,10
DA:59,5
DA:61,5
DA:63,5
DA:64,5
DA:65,5
DA:66,5
DA:67,1
LF:43
LH:34
BRDA:17,0,0,35
BRDA:17,0,1,5
BRDA:27,1,0,6
BRDA:27,1,1,1
BRDA:37,2,0,0
BRDA:37,2,1,0
BRDA:47,3,0,7
BRDA:47,3,1,3
BRDA:49,4,0,7
BRDA:49,4,1,3
BRDA:59,5,0,2
BRDA:59,5,1,3
BRDA:61,6,0,2
BRDA:61,6,1,3
BRF:14
BRH:12
end_of_record
